2015-04-28 20:45:22,621 [Worker-10] INFO  o.e.m.c.i.l.LifecycleMappingFactory - Using NULL lifecycle mapping for MavenProject: com.weiwei:weiwei-build-aggregate:0.0.1-SNAPSHOT @ /Users/Yingkai/GitHub/yuankang739223231/weiwei-service-master1/weiwei-build-aggregate/pom.xml.
2015-04-28 20:45:24,501 [Worker-10] INFO  o.e.m.c.i.l.LifecycleMappingFactory - Using org.eclipse.m2e.jdt.JarLifecycleMapping lifecycle mapping for MavenProject: com.weiwei:weiwei-infrastructure-svc:0.0.1-SNAPSHOT @ /Users/Yingkai/GitHub/yuankang739223231/weiwei-service-master1/weiwei-infrastructure-svc/pom.xml.
2015-04-28 20:45:25,670 [Worker-10] INFO  o.e.m.c.i.embedder.EclipseLogger - Using 'UTF-8' encoding to copy filtered resources.
2015-04-28 20:45:25,671 [Worker-10] INFO  o.e.m.c.i.embedder.EclipseLogger - skip non existing resourceDirectory /Users/Yingkai/GitHub/yuankang739223231/weiwei-service-master1/weiwei-infrastructure-svc/src/main/resources
2015-04-28 20:45:25,674 [Worker-10] INFO  o.e.m.c.i.embedder.EclipseLogger - Using 'UTF-8' encoding to copy filtered resources.
2015-04-28 20:45:25,675 [Worker-10] INFO  o.e.m.c.i.embedder.EclipseLogger - skip non existing resourceDirectory /Users/Yingkai/GitHub/yuankang739223231/weiwei-service-master1/weiwei-infrastructure-svc/src/test/resources
2015-04-28 20:45:25,675 [Worker-0] INFO  o.e.m.c.i.l.LifecycleMappingFactory - Using org.eclipse.m2e.jdt.JarLifecycleMapping lifecycle mapping for MavenProject: com.weiwei:weiwei-processor:0.0.1-SNAPSHOT @ /Users/Yingkai/GitHub/yuankang739223231/weiwei-service-master1/weiwei-processor/pom.xml.
2015-04-28 20:45:25,837 [Worker-0] INFO  o.e.m.c.i.l.LifecycleMappingFactory - Using org.eclipse.m2e.jdt.JarLifecycleMapping lifecycle mapping for MavenProject: com.weiwei:weiwei-centreservice-svc:0.0.1-SNAPSHOT @ /Users/Yingkai/GitHub/yuankang739223231/weiwei-service-master1/weiwei-centreservice-svc/pom.xml.
2015-04-28 20:45:25,988 [Worker-10] INFO  o.e.m.c.i.l.LifecycleMappingFactory - Using org.eclipse.m2e.jdt.JarLifecycleMapping lifecycle mapping for MavenProject: com.weiwei:weiwei-intellectual-svc:0.0.1-SNAPSHOT @ /Users/Yingkai/GitHub/yuankang739223231/weiwei-service-master1/weiwei-intellectual-svc/pom.xml.
2015-04-28 20:45:26,092 [Worker-10] INFO  o.e.m.c.i.embedder.EclipseLogger - Using 'UTF-8' encoding to copy filtered resources.
2015-04-28 20:45:26,092 [Worker-10] INFO  o.e.m.c.i.embedder.EclipseLogger - skip non existing resourceDirectory /Users/Yingkai/GitHub/yuankang739223231/weiwei-service-master1/weiwei-intellectual-svc/src/main/resources
2015-04-28 20:45:26,095 [Worker-10] INFO  o.e.m.c.i.embedder.EclipseLogger - Using 'UTF-8' encoding to copy filtered resources.
2015-04-28 20:45:26,095 [Worker-10] INFO  o.e.m.c.i.embedder.EclipseLogger - skip non existing resourceDirectory /Users/Yingkai/GitHub/yuankang739223231/weiwei-service-master1/weiwei-intellectual-svc/src/test/resources
2015-04-28 20:45:26,298 [Worker-10] INFO  o.e.m.c.i.l.LifecycleMappingFactory - Using org.eclipse.m2e.jdt.JarLifecycleMapping lifecycle mapping for MavenProject: com.weiwei:weiwei-processor:0.0.1-SNAPSHOT @ /Users/Yingkai/GitHub/yuankang739223231/weiwei-service-master1/weiwei-processor/pom.xml.
2015-04-28 20:45:26,434 [Worker-10] INFO  o.e.m.c.i.embedder.EclipseLogger - Using 'UTF-8' encoding to copy filtered resources.
2015-04-28 20:45:26,434 [Worker-10] INFO  o.e.m.c.i.embedder.EclipseLogger - skip non existing resourceDirectory /Users/Yingkai/GitHub/yuankang739223231/weiwei-service-master1/weiwei-processor/src/main/resources
2015-04-28 20:45:26,436 [Worker-10] INFO  o.e.m.c.i.embedder.EclipseLogger - Using 'UTF-8' encoding to copy filtered resources.
2015-04-28 20:45:26,437 [Worker-10] INFO  o.e.m.c.i.embedder.EclipseLogger - skip non existing resourceDirectory /Users/Yingkai/GitHub/yuankang739223231/weiwei-service-master1/weiwei-processor/src/test/resources
2015-04-28 20:45:26,600 [Worker-10] INFO  o.e.m.c.i.l.LifecycleMappingFactory - Using org.eclipse.m2e.jdt.JarLifecycleMapping lifecycle mapping for MavenProject: com.weiwei:weiwei-centreservice-svc:0.0.1-SNAPSHOT @ /Users/Yingkai/GitHub/yuankang739223231/weiwei-service-master1/weiwei-centreservice-svc/pom.xml.
2015-04-28 20:45:26,693 [Worker-10] INFO  o.e.m.c.i.embedder.EclipseLogger - Using 'UTF-8' encoding to copy filtered resources.
2015-04-28 20:45:26,702 [Worker-10] INFO  o.e.m.c.i.embedder.EclipseLogger - Copying 0 resource
2015-04-28 20:45:26,705 [Worker-10] INFO  o.e.m.c.i.embedder.EclipseLogger - Using 'UTF-8' encoding to copy filtered resources.
2015-04-28 20:45:26,705 [Worker-10] INFO  o.e.m.c.i.embedder.EclipseLogger - skip non existing resourceDirectory /Users/Yingkai/GitHub/yuankang739223231/weiwei-service-master1/weiwei-centreservice-svc/src/test/resources
2015-04-28 20:45:28,629 [Worker-10] INFO  o.e.m.c.i.l.LifecycleMappingFactory - Using org.maven.ide.eclipse.wtp.WarLifecycleMapping lifecycle mapping for MavenProject: com.weiwei:weiwei-rest-service-master:0.0.1-SNAPSHOT @ /Users/Yingkai/GitHub/yuankang739223231/weiwei-service-master1/weiwei-rest-service-master/pom.xml.
2015-04-28 20:45:31,042 [Worker-10] INFO  o.e.m.c.i.embedder.EclipseLogger - Using 'UTF-8' encoding to copy filtered resources.
2015-04-28 20:45:31,044 [Worker-10] INFO  o.e.m.c.i.embedder.EclipseLogger - Copying 0 resource
2015-04-28 20:45:31,044 [Worker-10] INFO  o.e.m.c.i.embedder.EclipseLogger - Copying 0 resource
2015-04-28 20:45:31,049 [Worker-10] INFO  o.e.m.c.i.embedder.EclipseLogger - Using 'UTF-8' encoding to copy filtered resources.
2015-04-28 20:45:31,050 [Worker-10] INFO  o.e.m.c.i.embedder.EclipseLogger - Copying 0 resource
2015-04-28 20:45:31,102 [Worker-7] INFO  o.e.m.c.i.l.LifecycleMappingFactory - Using org.eclipse.m2e.jdt.JarLifecycleMapping lifecycle mapping for MavenProject: com.weiwei:weiwei-processor:0.0.1-SNAPSHOT @ /Users/Yingkai/GitHub/yuankang739223231/weiwei-service-master1/weiwei-processor/pom.xml.
2015-04-28 20:45:31,308 [Worker-7] INFO  o.e.m.c.i.l.LifecycleMappingFactory - Using org.eclipse.m2e.jdt.JarLifecycleMapping lifecycle mapping for MavenProject: com.weiwei:weiwei-centreservice-svc:0.0.1-SNAPSHOT @ /Users/Yingkai/GitHub/yuankang739223231/weiwei-service-master1/weiwei-centreservice-svc/pom.xml.
2015-04-28 20:45:31,512 [Worker-5] INFO  o.e.m.c.i.embedder.EclipseLogger - Using 'UTF-8' encoding to copy filtered resources.
2015-04-28 20:45:31,512 [Worker-5] INFO  o.e.m.c.i.embedder.EclipseLogger - skip non existing resourceDirectory /Users/Yingkai/GitHub/yuankang739223231/weiwei-service-master1/weiwei-infrastructure-svc/src/main/resources
2015-04-28 20:45:31,514 [Worker-5] INFO  o.e.m.c.i.embedder.EclipseLogger - Using 'UTF-8' encoding to copy filtered resources.
2015-04-28 20:45:31,514 [Worker-5] INFO  o.e.m.c.i.embedder.EclipseLogger - skip non existing resourceDirectory /Users/Yingkai/GitHub/yuankang739223231/weiwei-service-master1/weiwei-infrastructure-svc/src/test/resources
2015-04-28 20:45:31,622 [Worker-7] INFO  o.e.m.c.i.l.LifecycleMappingFactory - Using NULL lifecycle mapping for MavenProject: com.weiwei:weiwei-build-aggregate:0.0.1-SNAPSHOT @ /Users/Yingkai/GitHub/yuankang739223231/weiwei-service-master1/weiwei-build-aggregate/pom.xml.
2015-04-28 20:45:31,665 [Worker-7] INFO  o.e.m.c.i.l.LifecycleMappingFactory - Using org.eclipse.m2e.jdt.JarLifecycleMapping lifecycle mapping for MavenProject: com.weiwei:weiwei-infrastructure-svc:0.0.1-SNAPSHOT @ /Users/Yingkai/GitHub/yuankang739223231/weiwei-service-master1/weiwei-infrastructure-svc/pom.xml.
2015-04-28 20:45:31,675 [Worker-5] INFO  o.e.m.c.i.embedder.EclipseLogger - Using 'UTF-8' encoding to copy filtered resources.
2015-04-28 20:45:31,675 [Worker-5] INFO  o.e.m.c.i.embedder.EclipseLogger - skip non existing resourceDirectory /Users/Yingkai/GitHub/yuankang739223231/weiwei-service-master1/weiwei-intellectual-svc/src/main/resources
2015-04-28 20:45:31,677 [Worker-5] INFO  o.e.m.c.i.embedder.EclipseLogger - Using 'UTF-8' encoding to copy filtered resources.
2015-04-28 20:45:31,677 [Worker-5] INFO  o.e.m.c.i.embedder.EclipseLogger - skip non existing resourceDirectory /Users/Yingkai/GitHub/yuankang739223231/weiwei-service-master1/weiwei-intellectual-svc/src/test/resources
2015-04-28 20:45:31,711 [Worker-7] INFO  o.e.m.c.i.l.LifecycleMappingFactory - Using org.eclipse.m2e.jdt.JarLifecycleMapping lifecycle mapping for MavenProject: com.weiwei:weiwei-intellectual-svc:0.0.1-SNAPSHOT @ /Users/Yingkai/GitHub/yuankang739223231/weiwei-service-master1/weiwei-intellectual-svc/pom.xml.
2015-04-28 20:45:31,772 [Worker-7] INFO  o.e.m.c.i.l.LifecycleMappingFactory - Using org.eclipse.m2e.jdt.JarLifecycleMapping lifecycle mapping for MavenProject: com.weiwei:weiwei-processor:0.0.1-SNAPSHOT @ /Users/Yingkai/GitHub/yuankang739223231/weiwei-service-master1/weiwei-processor/pom.xml.
2015-04-28 20:45:31,806 [Worker-5] INFO  o.e.m.c.i.embedder.EclipseLogger - Using 'UTF-8' encoding to copy filtered resources.
2015-04-28 20:45:31,806 [Worker-5] INFO  o.e.m.c.i.embedder.EclipseLogger - skip non existing resourceDirectory /Users/Yingkai/GitHub/yuankang739223231/weiwei-service-master1/weiwei-processor/src/main/resources
2015-04-28 20:45:31,809 [Worker-5] INFO  o.e.m.c.i.embedder.EclipseLogger - Using 'UTF-8' encoding to copy filtered resources.
2015-04-28 20:45:31,809 [Worker-5] INFO  o.e.m.c.i.embedder.EclipseLogger - skip non existing resourceDirectory /Users/Yingkai/GitHub/yuankang739223231/weiwei-service-master1/weiwei-processor/src/test/resources
2015-04-28 20:45:31,811 [Worker-7] INFO  o.e.m.c.i.l.LifecycleMappingFactory - Using org.eclipse.m2e.jdt.JarLifecycleMapping lifecycle mapping for MavenProject: com.weiwei:weiwei-centreservice-svc:0.0.1-SNAPSHOT @ /Users/Yingkai/GitHub/yuankang739223231/weiwei-service-master1/weiwei-centreservice-svc/pom.xml.
2015-04-28 20:45:31,900 [Worker-7] INFO  o.e.m.c.i.l.LifecycleMappingFactory - Using org.eclipse.m2e.jdt.JarLifecycleMapping lifecycle mapping for MavenProject: com.weiwei:weiwei-infrastructure-svc:0.0.1-SNAPSHOT @ /Users/Yingkai/GitHub/yuankang739223231/weiwei-service-master1/weiwei-infrastructure-svc/pom.xml.
2015-04-28 20:45:32,023 [Worker-5] INFO  o.e.m.c.i.embedder.EclipseLogger - Using 'UTF-8' encoding to copy filtered resources.
2015-04-28 20:45:32,034 [Worker-5] INFO  o.e.m.c.i.embedder.EclipseLogger - Copying 0 resource
2015-04-28 20:45:32,041 [Worker-5] INFO  o.e.m.c.i.embedder.EclipseLogger - Using 'UTF-8' encoding to copy filtered resources.
2015-04-28 20:45:32,041 [Worker-5] INFO  o.e.m.c.i.embedder.EclipseLogger - skip non existing resourceDirectory /Users/Yingkai/GitHub/yuankang739223231/weiwei-service-master1/weiwei-centreservice-svc/src/test/resources
2015-04-28 20:45:32,133 [Worker-7] INFO  o.e.m.c.i.l.LifecycleMappingFactory - Using org.maven.ide.eclipse.wtp.WarLifecycleMapping lifecycle mapping for MavenProject: com.weiwei:weiwei-rest-service-master:0.0.1-SNAPSHOT @ /Users/Yingkai/GitHub/yuankang739223231/weiwei-service-master1/weiwei-rest-service-master/pom.xml.
2015-04-28 20:45:32,552 [Worker-5] INFO  o.e.m.c.i.embedder.EclipseLogger - Using 'UTF-8' encoding to copy filtered resources.
2015-04-28 20:45:32,554 [Worker-5] INFO  o.e.m.c.i.embedder.EclipseLogger - Copying 0 resource
2015-04-28 20:45:32,555 [Worker-5] INFO  o.e.m.c.i.embedder.EclipseLogger - Copying 0 resource
2015-04-28 20:45:32,557 [Worker-5] INFO  o.e.m.c.i.embedder.EclipseLogger - Using 'UTF-8' encoding to copy filtered resources.
2015-04-28 20:45:32,558 [Worker-5] INFO  o.e.m.c.i.embedder.EclipseLogger - Copying 0 resource
2015-04-28 20:45:36,637 [Worker-12] INFO  o.e.m.c.i.embedder.EclipseLogger - Using 'UTF-8' encoding to copy filtered resources.
2015-04-28 20:45:36,637 [Worker-12] INFO  o.e.m.c.i.embedder.EclipseLogger - skip non existing resourceDirectory /Users/Yingkai/GitHub/yuankang739223231/weiwei-service-master1/weiwei-infrastructure-svc/src/main/resources
2015-04-28 20:45:36,640 [Worker-12] INFO  o.e.m.c.i.embedder.EclipseLogger - Using 'UTF-8' encoding to copy filtered resources.
2015-04-28 20:45:36,640 [Worker-12] INFO  o.e.m.c.i.embedder.EclipseLogger - skip non existing resourceDirectory /Users/Yingkai/GitHub/yuankang739223231/weiwei-service-master1/weiwei-infrastructure-svc/src/test/resources
2015-04-28 20:45:36,714 [Worker-12] INFO  o.e.m.c.i.embedder.EclipseLogger - Using 'UTF-8' encoding to copy filtered resources.
2015-04-28 20:45:36,714 [Worker-12] INFO  o.e.m.c.i.embedder.EclipseLogger - skip non existing resourceDirectory /Users/Yingkai/GitHub/yuankang739223231/weiwei-service-master1/weiwei-intellectual-svc/src/main/resources
2015-04-28 20:45:36,717 [Worker-12] INFO  o.e.m.c.i.embedder.EclipseLogger - Using 'UTF-8' encoding to copy filtered resources.
2015-04-28 20:45:36,718 [Worker-12] INFO  o.e.m.c.i.embedder.EclipseLogger - skip non existing resourceDirectory /Users/Yingkai/GitHub/yuankang739223231/weiwei-service-master1/weiwei-intellectual-svc/src/test/resources
2015-04-28 20:45:36,798 [Worker-12] INFO  o.e.m.c.i.embedder.EclipseLogger - Using 'UTF-8' encoding to copy filtered resources.
2015-04-28 20:45:36,798 [Worker-12] INFO  o.e.m.c.i.embedder.EclipseLogger - skip non existing resourceDirectory /Users/Yingkai/GitHub/yuankang739223231/weiwei-service-master1/weiwei-processor/src/main/resources
2015-04-28 20:45:36,801 [Worker-12] INFO  o.e.m.c.i.embedder.EclipseLogger - Using 'UTF-8' encoding to copy filtered resources.
2015-04-28 20:45:36,801 [Worker-12] INFO  o.e.m.c.i.embedder.EclipseLogger - skip non existing resourceDirectory /Users/Yingkai/GitHub/yuankang739223231/weiwei-service-master1/weiwei-processor/src/test/resources
2015-04-28 20:45:36,889 [Worker-12] INFO  o.e.m.c.i.embedder.EclipseLogger - Using 'UTF-8' encoding to copy filtered resources.
2015-04-28 20:45:36,889 [Worker-12] INFO  o.e.m.c.i.embedder.EclipseLogger - Copying 0 resource
2015-04-28 20:45:36,891 [Worker-12] INFO  o.e.m.c.i.embedder.EclipseLogger - Using 'UTF-8' encoding to copy filtered resources.
2015-04-28 20:45:36,891 [Worker-12] INFO  o.e.m.c.i.embedder.EclipseLogger - skip non existing resourceDirectory /Users/Yingkai/GitHub/yuankang739223231/weiwei-service-master1/weiwei-centreservice-svc/src/test/resources
2015-04-28 20:45:37,228 [Worker-12] INFO  o.e.m.c.i.embedder.EclipseLogger - Using 'UTF-8' encoding to copy filtered resources.
2015-04-28 20:45:37,229 [Worker-12] INFO  o.e.m.c.i.embedder.EclipseLogger - Copying 0 resource
2015-04-28 20:45:37,229 [Worker-12] INFO  o.e.m.c.i.embedder.EclipseLogger - Copying 0 resource
2015-04-28 20:45:37,237 [Worker-12] INFO  o.e.m.c.i.embedder.EclipseLogger - Using 'UTF-8' encoding to copy filtered resources.
2015-04-28 20:45:37,238 [Worker-12] INFO  o.e.m.c.i.embedder.EclipseLogger - Copying 0 resource
2015-04-28 21:03:19,064 [Worker-4] INFO  o.e.m.c.i.embedder.EclipseLogger - Using 'UTF-8' encoding to copy filtered resources.
2015-04-28 21:03:19,064 [Worker-4] INFO  o.e.m.c.i.embedder.EclipseLogger - skip non existing resourceDirectory /Users/Yingkai/GitHub/yuankang739223231/weiwei-service-master1/weiwei-infrastructure-svc/src/main/resources
2015-04-28 21:03:19,066 [Worker-4] INFO  o.e.m.c.i.embedder.EclipseLogger - Using 'UTF-8' encoding to copy filtered resources.
2015-04-28 21:03:19,066 [Worker-4] INFO  o.e.m.c.i.embedder.EclipseLogger - skip non existing resourceDirectory /Users/Yingkai/GitHub/yuankang739223231/weiwei-service-master1/weiwei-infrastructure-svc/src/test/resources
2015-04-28 21:03:19,093 [Worker-4] INFO  o.e.m.c.i.embedder.EclipseLogger - Using 'UTF-8' encoding to copy filtered resources.
2015-04-28 21:03:19,093 [Worker-4] INFO  o.e.m.c.i.embedder.EclipseLogger - skip non existing resourceDirectory /Users/Yingkai/GitHub/yuankang739223231/weiwei-service-master1/weiwei-intellectual-svc/src/main/resources
2015-04-28 21:03:19,094 [Worker-4] INFO  o.e.m.c.i.embedder.EclipseLogger - Using 'UTF-8' encoding to copy filtered resources.
2015-04-28 21:03:19,094 [Worker-4] INFO  o.e.m.c.i.embedder.EclipseLogger - skip non existing resourceDirectory /Users/Yingkai/GitHub/yuankang739223231/weiwei-service-master1/weiwei-intellectual-svc/src/test/resources
2015-04-28 21:03:19,132 [Worker-4] INFO  o.e.m.c.i.embedder.EclipseLogger - Using 'UTF-8' encoding to copy filtered resources.
2015-04-28 21:03:19,132 [Worker-4] INFO  o.e.m.c.i.embedder.EclipseLogger - skip non existing resourceDirectory /Users/Yingkai/GitHub/yuankang739223231/weiwei-service-master1/weiwei-processor/src/main/resources
2015-04-28 21:03:19,136 [Worker-4] INFO  o.e.m.c.i.embedder.EclipseLogger - Using 'UTF-8' encoding to copy filtered resources.
2015-04-28 21:03:19,136 [Worker-4] INFO  o.e.m.c.i.embedder.EclipseLogger - skip non existing resourceDirectory /Users/Yingkai/GitHub/yuankang739223231/weiwei-service-master1/weiwei-processor/src/test/resources
2015-04-28 21:03:19,244 [Worker-4] INFO  o.e.m.c.i.embedder.EclipseLogger - Using 'UTF-8' encoding to copy filtered resources.
2015-04-28 21:03:19,245 [Worker-4] INFO  o.e.m.c.i.embedder.EclipseLogger - Copying 0 resource
2015-04-28 21:03:19,247 [Worker-4] INFO  o.e.m.c.i.embedder.EclipseLogger - Using 'UTF-8' encoding to copy filtered resources.
2015-04-28 21:03:19,247 [Worker-4] INFO  o.e.m.c.i.embedder.EclipseLogger - skip non existing resourceDirectory /Users/Yingkai/GitHub/yuankang739223231/weiwei-service-master1/weiwei-centreservice-svc/src/test/resources
2015-04-28 21:03:19,490 [Worker-4] INFO  o.e.m.c.i.embedder.EclipseLogger - Using 'UTF-8' encoding to copy filtered resources.
2015-04-28 21:03:19,491 [Worker-4] INFO  o.e.m.c.i.embedder.EclipseLogger - Copying 0 resource
2015-04-28 21:03:19,492 [Worker-4] INFO  o.e.m.c.i.embedder.EclipseLogger - Copying 0 resource
2015-04-28 21:03:19,494 [Worker-4] INFO  o.e.m.c.i.embedder.EclipseLogger - Using 'UTF-8' encoding to copy filtered resources.
2015-04-28 21:03:19,495 [Worker-4] INFO  o.e.m.c.i.embedder.EclipseLogger - Copying 0 resource
2015-04-28 21:09:21,806 [Worker-11] INFO  o.e.m.c.i.embedder.EclipseLogger - Using 'UTF-8' encoding to copy filtered resources.
2015-04-28 21:09:21,807 [Worker-11] INFO  o.e.m.c.i.embedder.EclipseLogger - skip non existing resourceDirectory /Users/Yingkai/GitHub/yuankang739223231/weiwei-service-master1/weiwei-infrastructure-svc/src/main/resources
2015-04-28 21:09:21,808 [Worker-11] INFO  o.e.m.c.i.embedder.EclipseLogger - Using 'UTF-8' encoding to copy filtered resources.
2015-04-28 21:09:21,808 [Worker-11] INFO  o.e.m.c.i.embedder.EclipseLogger - skip non existing resourceDirectory /Users/Yingkai/GitHub/yuankang739223231/weiwei-service-master1/weiwei-infrastructure-svc/src/test/resources
2015-04-28 21:09:52,936 [Worker-9] INFO  o.e.m.i.launch.MavenLaunchDelegate - /Users/Yingkai/GitHub/yuankang739223231/weiwei-service-master1/weiwei-build-aggregate
2015-04-28 21:09:52,936 [Worker-9] INFO  o.e.m.i.launch.MavenLaunchDelegate -  mvn  -B clean
2015-04-28 21:10:02,670 [Worker-4] INFO  o.e.m.i.launch.MavenLaunchDelegate - /Users/Yingkai/GitHub/yuankang739223231/weiwei-service-master1/weiwei-build-aggregate
2015-04-28 21:10:02,670 [Worker-4] INFO  o.e.m.i.launch.MavenLaunchDelegate -  mvn  -B install
2015-04-28 23:34:50,666 [Worker-17] INFO  o.e.m.c.i.embedder.EclipseLogger - Using 'UTF-8' encoding to copy filtered resources.
2015-04-28 23:34:50,668 [Worker-17] INFO  o.e.m.c.i.embedder.EclipseLogger - skip non existing resourceDirectory /Users/Yingkai/GitHub/yuankang739223231/weiwei-service-master1/weiwei-infrastructure-svc/src/main/resources
2015-04-28 23:34:50,670 [Worker-17] INFO  o.e.m.c.i.embedder.EclipseLogger - Using 'UTF-8' encoding to copy filtered resources.
2015-04-28 23:34:50,670 [Worker-17] INFO  o.e.m.c.i.embedder.EclipseLogger - skip non existing resourceDirectory /Users/Yingkai/GitHub/yuankang739223231/weiwei-service-master1/weiwei-infrastructure-svc/src/test/resources
2015-04-30 22:58:31,525 [Worker-1] INFO  o.e.m.c.i.embedder.EclipseLogger - Using 'UTF-8' encoding to copy filtered resources.
2015-04-30 22:58:31,533 [Worker-1] INFO  o.e.m.c.i.embedder.EclipseLogger - skip non existing resourceDirectory /Users/Yingkai/GitHub/yuankang739223231/weiwei-service-master1/weiwei-infrastructure-svc/src/main/resources
2015-04-30 22:58:31,535 [Worker-1] INFO  o.e.m.c.i.embedder.EclipseLogger - Using 'UTF-8' encoding to copy filtered resources.
2015-04-30 22:58:31,536 [Worker-1] INFO  o.e.m.c.i.embedder.EclipseLogger - skip non existing resourceDirectory /Users/Yingkai/GitHub/yuankang739223231/weiwei-service-master1/weiwei-infrastructure-svc/src/test/resources
2015-04-30 22:58:31,901 [Worker-5] INFO  o.e.m.c.i.embedder.EclipseLogger - Using 'UTF-8' encoding to copy filtered resources.
2015-04-30 22:58:31,907 [Worker-5] INFO  o.e.m.c.i.embedder.EclipseLogger - skip non existing resourceDirectory /Users/Yingkai/GitHub/yuankang739223231/weiwei-service-master1/weiwei-intellectual-svc/src/main/resources
2015-04-30 22:58:31,909 [Worker-5] INFO  o.e.m.c.i.embedder.EclipseLogger - Using 'UTF-8' encoding to copy filtered resources.
2015-04-30 22:58:31,909 [Worker-5] INFO  o.e.m.c.i.embedder.EclipseLogger - skip non existing resourceDirectory /Users/Yingkai/GitHub/yuankang739223231/weiwei-service-master1/weiwei-intellectual-svc/src/test/resources
2015-04-30 22:58:32,048 [Worker-5] INFO  o.e.m.c.i.embedder.EclipseLogger - Using 'UTF-8' encoding to copy filtered resources.
2015-04-30 22:58:32,048 [Worker-5] INFO  o.e.m.c.i.embedder.EclipseLogger - skip non existing resourceDirectory /Users/Yingkai/GitHub/yuankang739223231/weiwei-service-master1/weiwei-processor/src/main/resources
2015-04-30 22:58:32,051 [Worker-5] INFO  o.e.m.c.i.embedder.EclipseLogger - Using 'UTF-8' encoding to copy filtered resources.
2015-04-30 22:58:32,051 [Worker-5] INFO  o.e.m.c.i.embedder.EclipseLogger - skip non existing resourceDirectory /Users/Yingkai/GitHub/yuankang739223231/weiwei-service-master1/weiwei-processor/src/test/resources
2015-04-30 22:58:32,182 [Worker-5] INFO  o.e.m.c.i.embedder.EclipseLogger - Using 'UTF-8' encoding to copy filtered resources.
2015-04-30 22:58:32,198 [Worker-5] INFO  o.e.m.c.i.embedder.EclipseLogger - Copying 0 resource
2015-04-30 22:58:32,201 [Worker-5] INFO  o.e.m.c.i.embedder.EclipseLogger - Using 'UTF-8' encoding to copy filtered resources.
2015-04-30 22:58:32,201 [Worker-5] INFO  o.e.m.c.i.embedder.EclipseLogger - skip non existing resourceDirectory /Users/Yingkai/GitHub/yuankang739223231/weiwei-service-master1/weiwei-centreservice-svc/src/test/resources
2015-04-30 22:58:33,963 [Worker-5] INFO  o.e.m.c.i.embedder.EclipseLogger - Using 'UTF-8' encoding to copy filtered resources.
2015-04-30 22:58:33,963 [Worker-5] INFO  o.e.m.c.i.embedder.EclipseLogger - Copying 0 resource
2015-04-30 22:58:33,964 [Worker-5] INFO  o.e.m.c.i.embedder.EclipseLogger - Copying 0 resource
2015-04-30 22:58:33,968 [Worker-5] INFO  o.e.m.c.i.embedder.EclipseLogger - Using 'UTF-8' encoding to copy filtered resources.
2015-04-30 22:58:33,969 [Worker-5] INFO  o.e.m.c.i.embedder.EclipseLogger - Copying 0 resource
2015-04-30 22:58:34,210 [Worker-4] INFO  o.e.m.c.i.embedder.EclipseLogger - Using 'UTF-8' encoding to copy filtered resources.
2015-04-30 22:58:34,214 [Worker-4] INFO  o.e.m.c.i.embedder.EclipseLogger - Copying 0 resource
2015-04-30 22:58:34,214 [Worker-4] INFO  o.e.m.c.i.embedder.EclipseLogger - Copying 0 resource
2015-04-30 22:58:34,217 [Worker-4] INFO  o.e.m.c.i.embedder.EclipseLogger - Using 'UTF-8' encoding to copy filtered resources.
2015-04-30 22:58:34,217 [Worker-4] INFO  o.e.m.c.i.embedder.EclipseLogger - Copying 0 resource
2015-05-02 14:45:44,593 [Worker-5] INFO  o.e.m.c.i.embedder.EclipseLogger - Using 'UTF-8' encoding to copy filtered resources.
2015-05-02 14:45:44,606 [Worker-5] INFO  o.e.m.c.i.embedder.EclipseLogger - Copying 0 resource
2015-05-02 14:45:44,607 [Worker-5] INFO  o.e.m.c.i.embedder.EclipseLogger - Copying 0 resource
2015-05-02 14:45:44,610 [Worker-5] INFO  o.e.m.c.i.embedder.EclipseLogger - Using 'UTF-8' encoding to copy filtered resources.
2015-05-02 14:45:44,611 [Worker-5] INFO  o.e.m.c.i.embedder.EclipseLogger - Copying 0 resource
2015-05-02 14:48:05,663 [Worker-1] INFO  o.e.m.c.i.embedder.EclipseLogger - Using 'UTF-8' encoding to copy filtered resources.
2015-05-02 14:48:05,668 [Worker-1] INFO  o.e.m.c.i.embedder.EclipseLogger - Copying 0 resource
2015-05-02 14:48:05,669 [Worker-1] INFO  o.e.m.c.i.embedder.EclipseLogger - Copying 0 resource
2015-05-02 14:48:05,671 [Worker-1] INFO  o.e.m.c.i.embedder.EclipseLogger - Using 'UTF-8' encoding to copy filtered resources.
2015-05-02 14:48:05,671 [Worker-1] INFO  o.e.m.c.i.embedder.EclipseLogger - Copying 0 resource
2015-05-02 14:48:44,014 [Worker-0] INFO  o.e.m.c.i.embedder.EclipseLogger - Using 'UTF-8' encoding to copy filtered resources.
2015-05-02 14:48:44,014 [Worker-0] INFO  o.e.m.c.i.embedder.EclipseLogger - Copying 0 resource
2015-05-02 14:48:44,017 [Worker-0] INFO  o.e.m.c.i.embedder.EclipseLogger - Using 'UTF-8' encoding to copy filtered resources.
2015-05-02 14:48:44,018 [Worker-0] INFO  o.e.m.c.i.embedder.EclipseLogger - skip non existing resourceDirectory /Users/Yingkai/GitHub/yuankang739223231/weiwei-service-master1/weiwei-centreservice-svc/src/test/resources
2015-05-02 14:49:30,078 [Worker-3] INFO  o.e.m.c.i.embedder.EclipseLogger - Using 'UTF-8' encoding to copy filtered resources.
2015-05-02 14:49:30,081 [Worker-3] INFO  o.e.m.c.i.embedder.EclipseLogger - Copying 0 resource
2015-05-02 14:49:30,083 [Worker-3] INFO  o.e.m.c.i.embedder.EclipseLogger - Using 'UTF-8' encoding to copy filtered resources.
2015-05-02 14:49:30,083 [Worker-3] INFO  o.e.m.c.i.embedder.EclipseLogger - skip non existing resourceDirectory /Users/Yingkai/GitHub/yuankang739223231/weiwei-service-master1/weiwei-centreservice-svc/src/test/resources
2015-05-02 14:50:26,417 [Worker-3] INFO  o.e.m.c.i.embedder.EclipseLogger - Using 'UTF-8' encoding to copy filtered resources.
2015-05-02 14:50:26,418 [Worker-3] INFO  o.e.m.c.i.embedder.EclipseLogger - Copying 0 resource
2015-05-02 14:50:26,419 [Worker-3] INFO  o.e.m.c.i.embedder.EclipseLogger - Using 'UTF-8' encoding to copy filtered resources.
2015-05-02 14:50:26,419 [Worker-3] INFO  o.e.m.c.i.embedder.EclipseLogger - skip non existing resourceDirectory /Users/Yingkai/GitHub/yuankang739223231/weiwei-service-master1/weiwei-centreservice-svc/src/test/resources
2015-05-02 14:51:18,893 [Worker-6] INFO  o.e.m.c.i.embedder.EclipseLogger - Using 'UTF-8' encoding to copy filtered resources.
2015-05-02 14:51:18,893 [Worker-6] INFO  o.e.m.c.i.embedder.EclipseLogger - Copying 0 resource
2015-05-02 14:51:18,895 [Worker-6] INFO  o.e.m.c.i.embedder.EclipseLogger - Using 'UTF-8' encoding to copy filtered resources.
2015-05-02 14:51:18,895 [Worker-6] INFO  o.e.m.c.i.embedder.EclipseLogger - skip non existing resourceDirectory /Users/Yingkai/GitHub/yuankang739223231/weiwei-service-master1/weiwei-centreservice-svc/src/test/resources
2015-05-02 14:51:48,209 [Worker-3] INFO  o.e.m.c.i.embedder.EclipseLogger - Using 'UTF-8' encoding to copy filtered resources.
2015-05-02 14:51:48,210 [Worker-3] INFO  o.e.m.c.i.embedder.EclipseLogger - Copying 0 resource
2015-05-02 14:51:48,210 [Worker-3] INFO  o.e.m.c.i.embedder.EclipseLogger - Copying 0 resource
2015-05-02 14:51:48,212 [Worker-3] INFO  o.e.m.c.i.embedder.EclipseLogger - Using 'UTF-8' encoding to copy filtered resources.
2015-05-02 14:51:48,213 [Worker-3] INFO  o.e.m.c.i.embedder.EclipseLogger - Copying 0 resource
2015-05-02 14:52:24,678 [Worker-1] INFO  o.e.m.c.i.embedder.EclipseLogger - Using 'UTF-8' encoding to copy filtered resources.
2015-05-02 14:52:24,678 [Worker-1] INFO  o.e.m.c.i.embedder.EclipseLogger - Copying 0 resource
2015-05-02 14:52:24,678 [Worker-1] INFO  o.e.m.c.i.embedder.EclipseLogger - Copying 0 resource
2015-05-02 14:52:24,680 [Worker-1] INFO  o.e.m.c.i.embedder.EclipseLogger - Using 'UTF-8' encoding to copy filtered resources.
2015-05-02 14:52:24,681 [Worker-1] INFO  o.e.m.c.i.embedder.EclipseLogger - Copying 0 resource
2015-05-02 14:53:40,348 [Worker-2] INFO  o.e.m.c.i.embedder.EclipseLogger - Using 'UTF-8' encoding to copy filtered resources.
2015-05-02 14:53:40,348 [Worker-2] INFO  o.e.m.c.i.embedder.EclipseLogger - Copying 0 resource
2015-05-02 14:53:40,350 [Worker-2] INFO  o.e.m.c.i.embedder.EclipseLogger - Using 'UTF-8' encoding to copy filtered resources.
2015-05-02 14:53:40,350 [Worker-2] INFO  o.e.m.c.i.embedder.EclipseLogger - skip non existing resourceDirectory /Users/Yingkai/GitHub/yuankang739223231/weiwei-service-master1/weiwei-centreservice-svc/src/test/resources
2015-05-02 14:54:08,079 [Worker-0] INFO  o.e.m.c.i.embedder.EclipseLogger - Using 'UTF-8' encoding to copy filtered resources.
2015-05-02 14:54:08,080 [Worker-0] INFO  o.e.m.c.i.embedder.EclipseLogger - Copying 0 resource
2015-05-02 14:54:08,081 [Worker-0] INFO  o.e.m.c.i.embedder.EclipseLogger - Using 'UTF-8' encoding to copy filtered resources.
2015-05-02 14:54:08,081 [Worker-0] INFO  o.e.m.c.i.embedder.EclipseLogger - skip non existing resourceDirectory /Users/Yingkai/GitHub/yuankang739223231/weiwei-service-master1/weiwei-centreservice-svc/src/test/resources
2015-05-02 14:55:56,545 [Worker-7] INFO  o.e.m.c.i.embedder.EclipseLogger - Using 'UTF-8' encoding to copy filtered resources.
2015-05-02 14:55:56,545 [Worker-7] INFO  o.e.m.c.i.embedder.EclipseLogger - Copying 0 resource
2015-05-02 14:55:56,546 [Worker-7] INFO  o.e.m.c.i.embedder.EclipseLogger - Copying 0 resource
2015-05-02 14:55:56,550 [Worker-7] INFO  o.e.m.c.i.embedder.EclipseLogger - Using 'UTF-8' encoding to copy filtered resources.
2015-05-02 14:55:56,550 [Worker-7] INFO  o.e.m.c.i.embedder.EclipseLogger - Copying 0 resource
2015-05-02 14:56:35,785 [Worker-5] INFO  o.e.m.c.i.embedder.EclipseLogger - Using 'UTF-8' encoding to copy filtered resources.
2015-05-02 14:56:35,785 [Worker-5] INFO  o.e.m.c.i.embedder.EclipseLogger - Copying 0 resource
2015-05-02 14:56:35,785 [Worker-5] INFO  o.e.m.c.i.embedder.EclipseLogger - Copying 0 resource
2015-05-02 14:56:35,787 [Worker-5] INFO  o.e.m.c.i.embedder.EclipseLogger - Using 'UTF-8' encoding to copy filtered resources.
2015-05-02 14:56:35,787 [Worker-5] INFO  o.e.m.c.i.embedder.EclipseLogger - Copying 0 resource
2015-05-02 14:56:48,549 [Worker-1] INFO  o.e.m.c.i.embedder.EclipseLogger - Using 'UTF-8' encoding to copy filtered resources.
2015-05-02 14:56:48,549 [Worker-1] INFO  o.e.m.c.i.embedder.EclipseLogger - Copying 0 resource
2015-05-02 14:56:48,550 [Worker-1] INFO  o.e.m.c.i.embedder.EclipseLogger - Copying 0 resource
2015-05-02 14:56:48,553 [Worker-1] INFO  o.e.m.c.i.embedder.EclipseLogger - Using 'UTF-8' encoding to copy filtered resources.
2015-05-02 14:56:48,553 [Worker-1] INFO  o.e.m.c.i.embedder.EclipseLogger - Copying 0 resource
2015-05-02 14:57:41,793 [Worker-5] INFO  o.e.m.c.i.embedder.EclipseLogger - Using 'UTF-8' encoding to copy filtered resources.
2015-05-02 14:57:41,793 [Worker-5] INFO  o.e.m.c.i.embedder.EclipseLogger - Copying 0 resource
2015-05-02 14:57:41,795 [Worker-5] INFO  o.e.m.c.i.embedder.EclipseLogger - Using 'UTF-8' encoding to copy filtered resources.
2015-05-02 14:57:41,795 [Worker-5] INFO  o.e.m.c.i.embedder.EclipseLogger - skip non existing resourceDirectory /Users/Yingkai/GitHub/yuankang739223231/weiwei-service-master1/weiwei-centreservice-svc/src/test/resources
2015-05-02 14:58:51,021 [Worker-0] INFO  o.e.m.c.i.embedder.EclipseLogger - Using 'UTF-8' encoding to copy filtered resources.
2015-05-02 14:58:51,021 [Worker-0] INFO  o.e.m.c.i.embedder.EclipseLogger - Copying 0 resource
2015-05-02 14:58:51,024 [Worker-0] INFO  o.e.m.c.i.embedder.EclipseLogger - Using 'UTF-8' encoding to copy filtered resources.
2015-05-02 14:58:51,025 [Worker-0] INFO  o.e.m.c.i.embedder.EclipseLogger - skip non existing resourceDirectory /Users/Yingkai/GitHub/yuankang739223231/weiwei-service-master1/weiwei-centreservice-svc/src/test/resources
2015-05-02 14:59:24,550 [Worker-7] INFO  o.e.m.c.i.embedder.EclipseLogger - Using 'UTF-8' encoding to copy filtered resources.
2015-05-02 14:59:24,551 [Worker-7] INFO  o.e.m.c.i.embedder.EclipseLogger - Copying 0 resource
2015-05-02 14:59:24,552 [Worker-7] INFO  o.e.m.c.i.embedder.EclipseLogger - Using 'UTF-8' encoding to copy filtered resources.
2015-05-02 14:59:24,552 [Worker-7] INFO  o.e.m.c.i.embedder.EclipseLogger - skip non existing resourceDirectory /Users/Yingkai/GitHub/yuankang739223231/weiwei-service-master1/weiwei-centreservice-svc/src/test/resources
2015-05-02 14:59:38,345 [Worker-1] INFO  o.e.m.c.i.embedder.EclipseLogger - Using 'UTF-8' encoding to copy filtered resources.
2015-05-02 14:59:38,345 [Worker-1] INFO  o.e.m.c.i.embedder.EclipseLogger - Copying 0 resource
2015-05-02 14:59:38,346 [Worker-1] INFO  o.e.m.c.i.embedder.EclipseLogger - Using 'UTF-8' encoding to copy filtered resources.
2015-05-02 14:59:38,346 [Worker-1] INFO  o.e.m.c.i.embedder.EclipseLogger - skip non existing resourceDirectory /Users/Yingkai/GitHub/yuankang739223231/weiwei-service-master1/weiwei-centreservice-svc/src/test/resources
2015-05-02 14:59:58,339 [Worker-1] INFO  o.e.m.c.i.embedder.EclipseLogger - Using 'UTF-8' encoding to copy filtered resources.
2015-05-02 14:59:58,339 [Worker-1] INFO  o.e.m.c.i.embedder.EclipseLogger - Copying 0 resource
2015-05-02 14:59:58,341 [Worker-1] INFO  o.e.m.c.i.embedder.EclipseLogger - Using 'UTF-8' encoding to copy filtered resources.
2015-05-02 14:59:58,341 [Worker-1] INFO  o.e.m.c.i.embedder.EclipseLogger - skip non existing resourceDirectory /Users/Yingkai/GitHub/yuankang739223231/weiwei-service-master1/weiwei-centreservice-svc/src/test/resources
2015-05-02 15:00:21,948 [Worker-0] INFO  o.e.m.c.i.embedder.EclipseLogger - Using 'UTF-8' encoding to copy filtered resources.
2015-05-02 15:00:21,948 [Worker-0] INFO  o.e.m.c.i.embedder.EclipseLogger - Copying 0 resource
2015-05-02 15:00:21,948 [Worker-0] INFO  o.e.m.c.i.embedder.EclipseLogger - Copying 0 resource
2015-05-02 15:00:21,952 [Worker-0] INFO  o.e.m.c.i.embedder.EclipseLogger - Using 'UTF-8' encoding to copy filtered resources.
2015-05-02 15:00:21,953 [Worker-0] INFO  o.e.m.c.i.embedder.EclipseLogger - Copying 0 resource
2015-05-02 15:00:59,094 [Worker-2] INFO  o.e.m.c.i.embedder.EclipseLogger - Using 'UTF-8' encoding to copy filtered resources.
2015-05-02 15:00:59,094 [Worker-2] INFO  o.e.m.c.i.embedder.EclipseLogger - Copying 0 resource
2015-05-02 15:00:59,094 [Worker-2] INFO  o.e.m.c.i.embedder.EclipseLogger - Copying 0 resource
2015-05-02 15:00:59,096 [Worker-2] INFO  o.e.m.c.i.embedder.EclipseLogger - Using 'UTF-8' encoding to copy filtered resources.
2015-05-02 15:00:59,096 [Worker-2] INFO  o.e.m.c.i.embedder.EclipseLogger - Copying 0 resource
2015-05-02 15:03:02,662 [Worker-0] INFO  o.e.m.c.i.embedder.EclipseLogger - Using 'UTF-8' encoding to copy filtered resources.
2015-05-02 15:03:02,662 [Worker-0] INFO  o.e.m.c.i.embedder.EclipseLogger - Copying 0 resource
2015-05-02 15:03:02,665 [Worker-0] INFO  o.e.m.c.i.embedder.EclipseLogger - Using 'UTF-8' encoding to copy filtered resources.
2015-05-02 15:03:02,665 [Worker-0] INFO  o.e.m.c.i.embedder.EclipseLogger - skip non existing resourceDirectory /Users/Yingkai/GitHub/yuankang739223231/weiwei-service-master1/weiwei-centreservice-svc/src/test/resources
2015-05-02 15:03:18,279 [Worker-3] INFO  o.e.m.c.i.embedder.EclipseLogger - Using 'UTF-8' encoding to copy filtered resources.
2015-05-02 15:03:18,280 [Worker-3] INFO  o.e.m.c.i.embedder.EclipseLogger - Copying 0 resource
2015-05-02 15:03:18,281 [Worker-3] INFO  o.e.m.c.i.embedder.EclipseLogger - Using 'UTF-8' encoding to copy filtered resources.
2015-05-02 15:03:18,281 [Worker-3] INFO  o.e.m.c.i.embedder.EclipseLogger - skip non existing resourceDirectory /Users/Yingkai/GitHub/yuankang739223231/weiwei-service-master1/weiwei-centreservice-svc/src/test/resources
2015-05-02 15:03:50,830 [Worker-9] INFO  o.e.m.c.i.embedder.EclipseLogger - Using 'UTF-8' encoding to copy filtered resources.
2015-05-02 15:03:50,831 [Worker-9] INFO  o.e.m.c.i.embedder.EclipseLogger - Copying 0 resource
2015-05-02 15:03:50,835 [Worker-9] INFO  o.e.m.c.i.embedder.EclipseLogger - Using 'UTF-8' encoding to copy filtered resources.
2015-05-02 15:03:50,835 [Worker-9] INFO  o.e.m.c.i.embedder.EclipseLogger - skip non existing resourceDirectory /Users/Yingkai/GitHub/yuankang739223231/weiwei-service-master1/weiwei-centreservice-svc/src/test/resources
2015-05-02 15:04:39,955 [Worker-9] INFO  o.e.m.c.i.embedder.EclipseLogger - Using 'UTF-8' encoding to copy filtered resources.
2015-05-02 15:04:39,955 [Worker-9] INFO  o.e.m.c.i.embedder.EclipseLogger - Copying 0 resource
2015-05-02 15:04:39,957 [Worker-9] INFO  o.e.m.c.i.embedder.EclipseLogger - Using 'UTF-8' encoding to copy filtered resources.
2015-05-02 15:04:39,957 [Worker-9] INFO  o.e.m.c.i.embedder.EclipseLogger - skip non existing resourceDirectory /Users/Yingkai/GitHub/yuankang739223231/weiwei-service-master1/weiwei-centreservice-svc/src/test/resources
2015-05-02 15:05:12,639 [Worker-4] INFO  o.e.m.c.i.embedder.EclipseLogger - Using 'UTF-8' encoding to copy filtered resources.
2015-05-02 15:05:12,639 [Worker-4] INFO  o.e.m.c.i.embedder.EclipseLogger - skip non existing resourceDirectory /Users/Yingkai/GitHub/yuankang739223231/weiwei-service-master1/weiwei-infrastructure-svc/src/main/resources
2015-05-02 15:05:12,642 [Worker-4] INFO  o.e.m.c.i.embedder.EclipseLogger - Using 'UTF-8' encoding to copy filtered resources.
2015-05-02 15:05:12,642 [Worker-4] INFO  o.e.m.c.i.embedder.EclipseLogger - skip non existing resourceDirectory /Users/Yingkai/GitHub/yuankang739223231/weiwei-service-master1/weiwei-infrastructure-svc/src/test/resources
2015-05-02 15:05:13,692 [Worker-5] INFO  o.e.m.c.i.embedder.EclipseLogger - Using 'UTF-8' encoding to copy filtered resources.
2015-05-02 15:05:13,692 [Worker-5] INFO  o.e.m.c.i.embedder.EclipseLogger - skip non existing resourceDirectory /Users/Yingkai/GitHub/yuankang739223231/weiwei-service-master1/weiwei-infrastructure-svc/src/main/resources
2015-05-02 15:05:13,694 [Worker-5] INFO  o.e.m.c.i.embedder.EclipseLogger - Using 'UTF-8' encoding to copy filtered resources.
2015-05-02 15:05:13,694 [Worker-5] INFO  o.e.m.c.i.embedder.EclipseLogger - skip non existing resourceDirectory /Users/Yingkai/GitHub/yuankang739223231/weiwei-service-master1/weiwei-infrastructure-svc/src/test/resources
2015-05-02 15:05:37,717 [Worker-7] INFO  o.e.m.c.i.embedder.EclipseLogger - Using 'UTF-8' encoding to copy filtered resources.
2015-05-02 15:05:37,717 [Worker-7] INFO  o.e.m.c.i.embedder.EclipseLogger - skip non existing resourceDirectory /Users/Yingkai/GitHub/yuankang739223231/weiwei-service-master1/weiwei-infrastructure-svc/src/main/resources
2015-05-02 15:05:37,718 [Worker-7] INFO  o.e.m.c.i.embedder.EclipseLogger - Using 'UTF-8' encoding to copy filtered resources.
2015-05-02 15:05:37,718 [Worker-7] INFO  o.e.m.c.i.embedder.EclipseLogger - skip non existing resourceDirectory /Users/Yingkai/GitHub/yuankang739223231/weiwei-service-master1/weiwei-infrastructure-svc/src/test/resources
2015-05-02 15:08:17,764 [Worker-5] INFO  o.e.m.c.i.embedder.EclipseLogger - Using 'UTF-8' encoding to copy filtered resources.
2015-05-02 15:08:17,765 [Worker-5] INFO  o.e.m.c.i.embedder.EclipseLogger - skip non existing resourceDirectory /Users/Yingkai/GitHub/yuankang739223231/weiwei-service-master1/weiwei-infrastructure-svc/src/main/resources
2015-05-02 15:08:17,766 [Worker-5] INFO  o.e.m.c.i.embedder.EclipseLogger - Using 'UTF-8' encoding to copy filtered resources.
2015-05-02 15:08:17,766 [Worker-5] INFO  o.e.m.c.i.embedder.EclipseLogger - skip non existing resourceDirectory /Users/Yingkai/GitHub/yuankang739223231/weiwei-service-master1/weiwei-infrastructure-svc/src/test/resources
2015-05-02 15:09:21,750 [Worker-2] INFO  o.e.m.c.i.embedder.EclipseLogger - Using 'UTF-8' encoding to copy filtered resources.
2015-05-02 15:09:21,750 [Worker-2] INFO  o.e.m.c.i.embedder.EclipseLogger - skip non existing resourceDirectory /Users/Yingkai/GitHub/yuankang739223231/weiwei-service-master1/weiwei-infrastructure-svc/src/main/resources
2015-05-02 15:09:21,751 [Worker-2] INFO  o.e.m.c.i.embedder.EclipseLogger - Using 'UTF-8' encoding to copy filtered resources.
2015-05-02 15:09:21,752 [Worker-2] INFO  o.e.m.c.i.embedder.EclipseLogger - skip non existing resourceDirectory /Users/Yingkai/GitHub/yuankang739223231/weiwei-service-master1/weiwei-infrastructure-svc/src/test/resources
2015-05-02 15:09:50,542 [Worker-2] INFO  o.e.m.c.i.embedder.EclipseLogger - Using 'UTF-8' encoding to copy filtered resources.
2015-05-02 15:09:50,542 [Worker-2] INFO  o.e.m.c.i.embedder.EclipseLogger - skip non existing resourceDirectory /Users/Yingkai/GitHub/yuankang739223231/weiwei-service-master1/weiwei-infrastructure-svc/src/main/resources
2015-05-02 15:09:50,543 [Worker-2] INFO  o.e.m.c.i.embedder.EclipseLogger - Using 'UTF-8' encoding to copy filtered resources.
2015-05-02 15:09:50,544 [Worker-2] INFO  o.e.m.c.i.embedder.EclipseLogger - skip non existing resourceDirectory /Users/Yingkai/GitHub/yuankang739223231/weiwei-service-master1/weiwei-infrastructure-svc/src/test/resources
2015-05-02 15:09:55,608 [Worker-8] INFO  o.e.m.c.i.embedder.EclipseLogger - Using 'UTF-8' encoding to copy filtered resources.
2015-05-02 15:09:55,608 [Worker-8] INFO  o.e.m.c.i.embedder.EclipseLogger - skip non existing resourceDirectory /Users/Yingkai/GitHub/yuankang739223231/weiwei-service-master1/weiwei-infrastructure-svc/src/main/resources
2015-05-02 15:09:55,609 [Worker-8] INFO  o.e.m.c.i.embedder.EclipseLogger - Using 'UTF-8' encoding to copy filtered resources.
2015-05-02 15:09:55,609 [Worker-8] INFO  o.e.m.c.i.embedder.EclipseLogger - skip non existing resourceDirectory /Users/Yingkai/GitHub/yuankang739223231/weiwei-service-master1/weiwei-infrastructure-svc/src/test/resources
2015-05-02 15:10:11,041 [Worker-5] INFO  o.e.m.c.i.embedder.EclipseLogger - Using 'UTF-8' encoding to copy filtered resources.
2015-05-02 15:10:11,041 [Worker-5] INFO  o.e.m.c.i.embedder.EclipseLogger - skip non existing resourceDirectory /Users/Yingkai/GitHub/yuankang739223231/weiwei-service-master1/weiwei-infrastructure-svc/src/main/resources
2015-05-02 15:10:11,042 [Worker-5] INFO  o.e.m.c.i.embedder.EclipseLogger - Using 'UTF-8' encoding to copy filtered resources.
2015-05-02 15:10:11,043 [Worker-5] INFO  o.e.m.c.i.embedder.EclipseLogger - skip non existing resourceDirectory /Users/Yingkai/GitHub/yuankang739223231/weiwei-service-master1/weiwei-infrastructure-svc/src/test/resources
2015-05-02 15:10:24,614 [Worker-3] INFO  o.e.m.c.i.embedder.EclipseLogger - Using 'UTF-8' encoding to copy filtered resources.
2015-05-02 15:10:24,614 [Worker-3] INFO  o.e.m.c.i.embedder.EclipseLogger - skip non existing resourceDirectory /Users/Yingkai/GitHub/yuankang739223231/weiwei-service-master1/weiwei-infrastructure-svc/src/main/resources
2015-05-02 15:10:24,615 [Worker-3] INFO  o.e.m.c.i.embedder.EclipseLogger - Using 'UTF-8' encoding to copy filtered resources.
2015-05-02 15:10:24,615 [Worker-3] INFO  o.e.m.c.i.embedder.EclipseLogger - skip non existing resourceDirectory /Users/Yingkai/GitHub/yuankang739223231/weiwei-service-master1/weiwei-infrastructure-svc/src/test/resources
2015-05-02 15:10:32,000 [Worker-3] INFO  o.e.m.c.i.embedder.EclipseLogger - Using 'UTF-8' encoding to copy filtered resources.
2015-05-02 15:10:32,000 [Worker-3] INFO  o.e.m.c.i.embedder.EclipseLogger - skip non existing resourceDirectory /Users/Yingkai/GitHub/yuankang739223231/weiwei-service-master1/weiwei-infrastructure-svc/src/main/resources
2015-05-02 15:10:32,001 [Worker-3] INFO  o.e.m.c.i.embedder.EclipseLogger - Using 'UTF-8' encoding to copy filtered resources.
2015-05-02 15:10:32,001 [Worker-3] INFO  o.e.m.c.i.embedder.EclipseLogger - skip non existing resourceDirectory /Users/Yingkai/GitHub/yuankang739223231/weiwei-service-master1/weiwei-infrastructure-svc/src/test/resources
2015-05-02 15:11:07,054 [Worker-1] INFO  o.e.m.c.i.embedder.EclipseLogger - Using 'UTF-8' encoding to copy filtered resources.
2015-05-02 15:11:07,054 [Worker-1] INFO  o.e.m.c.i.embedder.EclipseLogger - skip non existing resourceDirectory /Users/Yingkai/GitHub/yuankang739223231/weiwei-service-master1/weiwei-infrastructure-svc/src/main/resources
2015-05-02 15:11:07,055 [Worker-1] INFO  o.e.m.c.i.embedder.EclipseLogger - Using 'UTF-8' encoding to copy filtered resources.
2015-05-02 15:11:07,055 [Worker-1] INFO  o.e.m.c.i.embedder.EclipseLogger - skip non existing resourceDirectory /Users/Yingkai/GitHub/yuankang739223231/weiwei-service-master1/weiwei-infrastructure-svc/src/test/resources
2015-05-02 15:11:22,052 [Worker-8] INFO  o.e.m.c.i.embedder.EclipseLogger - Using 'UTF-8' encoding to copy filtered resources.
2015-05-02 15:11:22,052 [Worker-8] INFO  o.e.m.c.i.embedder.EclipseLogger - skip non existing resourceDirectory /Users/Yingkai/GitHub/yuankang739223231/weiwei-service-master1/weiwei-infrastructure-svc/src/main/resources
2015-05-02 15:11:22,053 [Worker-8] INFO  o.e.m.c.i.embedder.EclipseLogger - Using 'UTF-8' encoding to copy filtered resources.
2015-05-02 15:11:22,054 [Worker-8] INFO  o.e.m.c.i.embedder.EclipseLogger - skip non existing resourceDirectory /Users/Yingkai/GitHub/yuankang739223231/weiwei-service-master1/weiwei-infrastructure-svc/src/test/resources
2015-05-02 15:19:43,998 [Worker-4] INFO  o.e.m.c.i.embedder.EclipseLogger - Using 'UTF-8' encoding to copy filtered resources.
2015-05-02 15:19:43,999 [Worker-4] INFO  o.e.m.c.i.embedder.EclipseLogger - skip non existing resourceDirectory /Users/Yingkai/GitHub/yuankang739223231/weiwei-service-master1/weiwei-infrastructure-svc/src/main/resources
2015-05-02 15:19:44,001 [Worker-4] INFO  o.e.m.c.i.embedder.EclipseLogger - Using 'UTF-8' encoding to copy filtered resources.
2015-05-02 15:19:44,001 [Worker-4] INFO  o.e.m.c.i.embedder.EclipseLogger - skip non existing resourceDirectory /Users/Yingkai/GitHub/yuankang739223231/weiwei-service-master1/weiwei-infrastructure-svc/src/test/resources
2015-05-02 15:19:49,904 [Worker-4] INFO  o.e.m.c.i.embedder.EclipseLogger - Using 'UTF-8' encoding to copy filtered resources.
2015-05-02 15:19:49,905 [Worker-4] INFO  o.e.m.c.i.embedder.EclipseLogger - skip non existing resourceDirectory /Users/Yingkai/GitHub/yuankang739223231/weiwei-service-master1/weiwei-infrastructure-svc/src/main/resources
2015-05-02 15:19:49,907 [Worker-4] INFO  o.e.m.c.i.embedder.EclipseLogger - Using 'UTF-8' encoding to copy filtered resources.
2015-05-02 15:19:49,908 [Worker-4] INFO  o.e.m.c.i.embedder.EclipseLogger - skip non existing resourceDirectory /Users/Yingkai/GitHub/yuankang739223231/weiwei-service-master1/weiwei-infrastructure-svc/src/test/resources
2015-05-02 15:21:06,319 [Worker-2] INFO  o.e.m.c.i.embedder.EclipseLogger - Using 'UTF-8' encoding to copy filtered resources.
2015-05-02 15:21:06,319 [Worker-2] INFO  o.e.m.c.i.embedder.EclipseLogger - skip non existing resourceDirectory /Users/Yingkai/GitHub/yuankang739223231/weiwei-service-master1/weiwei-infrastructure-svc/src/main/resources
2015-05-02 15:21:06,321 [Worker-2] INFO  o.e.m.c.i.embedder.EclipseLogger - Using 'UTF-8' encoding to copy filtered resources.
2015-05-02 15:21:06,321 [Worker-2] INFO  o.e.m.c.i.embedder.EclipseLogger - skip non existing resourceDirectory /Users/Yingkai/GitHub/yuankang739223231/weiwei-service-master1/weiwei-infrastructure-svc/src/test/resources
2015-05-02 15:21:06,529 [Worker-10] INFO  o.e.m.c.i.embedder.EclipseLogger - Using 'UTF-8' encoding to copy filtered resources.
2015-05-02 15:21:06,529 [Worker-10] INFO  o.e.m.c.i.embedder.EclipseLogger - skip non existing resourceDirectory /Users/Yingkai/GitHub/yuankang739223231/weiwei-service-master1/weiwei-intellectual-svc/src/main/resources
2015-05-02 15:21:06,531 [Worker-10] INFO  o.e.m.c.i.embedder.EclipseLogger - Using 'UTF-8' encoding to copy filtered resources.
2015-05-02 15:21:06,531 [Worker-10] INFO  o.e.m.c.i.embedder.EclipseLogger - skip non existing resourceDirectory /Users/Yingkai/GitHub/yuankang739223231/weiwei-service-master1/weiwei-intellectual-svc/src/test/resources
2015-05-02 15:21:06,580 [Worker-10] INFO  o.e.m.c.i.embedder.EclipseLogger - Using 'UTF-8' encoding to copy filtered resources.
2015-05-02 15:21:06,580 [Worker-10] INFO  o.e.m.c.i.embedder.EclipseLogger - skip non existing resourceDirectory /Users/Yingkai/GitHub/yuankang739223231/weiwei-service-master1/weiwei-processor/src/main/resources
2015-05-02 15:21:06,583 [Worker-10] INFO  o.e.m.c.i.embedder.EclipseLogger - Using 'UTF-8' encoding to copy filtered resources.
2015-05-02 15:21:06,583 [Worker-10] INFO  o.e.m.c.i.embedder.EclipseLogger - skip non existing resourceDirectory /Users/Yingkai/GitHub/yuankang739223231/weiwei-service-master1/weiwei-processor/src/test/resources
2015-05-02 15:21:06,624 [Worker-10] INFO  o.e.m.c.i.embedder.EclipseLogger - Using 'UTF-8' encoding to copy filtered resources.
2015-05-02 15:21:06,624 [Worker-10] INFO  o.e.m.c.i.embedder.EclipseLogger - Copying 0 resource
2015-05-02 15:21:06,626 [Worker-10] INFO  o.e.m.c.i.embedder.EclipseLogger - Using 'UTF-8' encoding to copy filtered resources.
2015-05-02 15:21:06,626 [Worker-10] INFO  o.e.m.c.i.embedder.EclipseLogger - skip non existing resourceDirectory /Users/Yingkai/GitHub/yuankang739223231/weiwei-service-master1/weiwei-centreservice-svc/src/test/resources
2015-05-02 15:21:06,677 [Worker-10] INFO  o.e.m.c.i.embedder.EclipseLogger - Using 'UTF-8' encoding to copy filtered resources.
2015-05-02 15:21:06,677 [Worker-10] INFO  o.e.m.c.i.embedder.EclipseLogger - Copying 0 resource
2015-05-02 15:21:06,677 [Worker-10] INFO  o.e.m.c.i.embedder.EclipseLogger - Copying 0 resource
2015-05-02 15:21:06,680 [Worker-10] INFO  o.e.m.c.i.embedder.EclipseLogger - Using 'UTF-8' encoding to copy filtered resources.
2015-05-02 15:21:06,680 [Worker-10] INFO  o.e.m.c.i.embedder.EclipseLogger - Copying 0 resource
2015-05-02 15:21:20,865 [Worker-10] INFO  o.e.m.c.i.embedder.EclipseLogger - Using 'UTF-8' encoding to copy filtered resources.
2015-05-02 15:21:20,865 [Worker-10] INFO  o.e.m.c.i.embedder.EclipseLogger - skip non existing resourceDirectory /Users/Yingkai/GitHub/yuankang739223231/weiwei-service-master1/weiwei-infrastructure-svc/src/main/resources
2015-05-02 15:21:20,866 [Worker-10] INFO  o.e.m.c.i.embedder.EclipseLogger - Using 'UTF-8' encoding to copy filtered resources.
2015-05-02 15:21:20,866 [Worker-10] INFO  o.e.m.c.i.embedder.EclipseLogger - skip non existing resourceDirectory /Users/Yingkai/GitHub/yuankang739223231/weiwei-service-master1/weiwei-infrastructure-svc/src/test/resources
2015-05-02 15:21:20,898 [Worker-10] INFO  o.e.m.c.i.embedder.EclipseLogger - Using 'UTF-8' encoding to copy filtered resources.
2015-05-02 15:21:20,898 [Worker-10] INFO  o.e.m.c.i.embedder.EclipseLogger - Copying 0 resource
2015-05-02 15:21:20,900 [Worker-10] INFO  o.e.m.c.i.embedder.EclipseLogger - Using 'UTF-8' encoding to copy filtered resources.
2015-05-02 15:21:20,900 [Worker-10] INFO  o.e.m.c.i.embedder.EclipseLogger - skip non existing resourceDirectory /Users/Yingkai/GitHub/yuankang739223231/weiwei-service-master1/weiwei-centreservice-svc/src/test/resources
2015-05-02 15:21:32,532 [Worker-4] INFO  o.e.m.c.i.embedder.EclipseLogger - Using 'UTF-8' encoding to copy filtered resources.
2015-05-02 15:21:32,532 [Worker-4] INFO  o.e.m.c.i.embedder.EclipseLogger - skip non existing resourceDirectory /Users/Yingkai/GitHub/yuankang739223231/weiwei-service-master1/weiwei-infrastructure-svc/src/main/resources
2015-05-02 15:21:32,534 [Worker-4] INFO  o.e.m.c.i.embedder.EclipseLogger - Using 'UTF-8' encoding to copy filtered resources.
2015-05-02 15:21:32,534 [Worker-4] INFO  o.e.m.c.i.embedder.EclipseLogger - skip non existing resourceDirectory /Users/Yingkai/GitHub/yuankang739223231/weiwei-service-master1/weiwei-infrastructure-svc/src/test/resources
2015-05-02 15:21:44,701 [Worker-2] INFO  o.e.m.c.i.embedder.EclipseLogger - Using 'UTF-8' encoding to copy filtered resources.
2015-05-02 15:21:44,701 [Worker-2] INFO  o.e.m.c.i.embedder.EclipseLogger - skip non existing resourceDirectory /Users/Yingkai/GitHub/yuankang739223231/weiwei-service-master1/weiwei-infrastructure-svc/src/main/resources
2015-05-02 15:21:44,702 [Worker-2] INFO  o.e.m.c.i.embedder.EclipseLogger - Using 'UTF-8' encoding to copy filtered resources.
2015-05-02 15:21:44,703 [Worker-2] INFO  o.e.m.c.i.embedder.EclipseLogger - skip non existing resourceDirectory /Users/Yingkai/GitHub/yuankang739223231/weiwei-service-master1/weiwei-infrastructure-svc/src/test/resources
2015-05-02 15:21:54,943 [Worker-10] INFO  o.e.m.c.i.embedder.EclipseLogger - Using 'UTF-8' encoding to copy filtered resources.
2015-05-02 15:21:54,943 [Worker-10] INFO  o.e.m.c.i.embedder.EclipseLogger - skip non existing resourceDirectory /Users/Yingkai/GitHub/yuankang739223231/weiwei-service-master1/weiwei-infrastructure-svc/src/main/resources
2015-05-02 15:21:54,944 [Worker-10] INFO  o.e.m.c.i.embedder.EclipseLogger - Using 'UTF-8' encoding to copy filtered resources.
2015-05-02 15:21:54,945 [Worker-10] INFO  o.e.m.c.i.embedder.EclipseLogger - skip non existing resourceDirectory /Users/Yingkai/GitHub/yuankang739223231/weiwei-service-master1/weiwei-infrastructure-svc/src/test/resources
2015-05-02 15:22:20,509 [Worker-6] INFO  o.e.m.c.i.embedder.EclipseLogger - Using 'UTF-8' encoding to copy filtered resources.
2015-05-02 15:22:20,510 [Worker-6] INFO  o.e.m.c.i.embedder.EclipseLogger - skip non existing resourceDirectory /Users/Yingkai/GitHub/yuankang739223231/weiwei-service-master1/weiwei-infrastructure-svc/src/main/resources
2015-05-02 15:22:20,511 [Worker-6] INFO  o.e.m.c.i.embedder.EclipseLogger - Using 'UTF-8' encoding to copy filtered resources.
2015-05-02 15:22:20,511 [Worker-6] INFO  o.e.m.c.i.embedder.EclipseLogger - skip non existing resourceDirectory /Users/Yingkai/GitHub/yuankang739223231/weiwei-service-master1/weiwei-infrastructure-svc/src/test/resources
2015-05-02 15:22:27,574 [Worker-10] INFO  o.e.m.c.i.embedder.EclipseLogger - Using 'UTF-8' encoding to copy filtered resources.
2015-05-02 15:22:27,574 [Worker-10] INFO  o.e.m.c.i.embedder.EclipseLogger - skip non existing resourceDirectory /Users/Yingkai/GitHub/yuankang739223231/weiwei-service-master1/weiwei-infrastructure-svc/src/main/resources
2015-05-02 15:22:27,576 [Worker-10] INFO  o.e.m.c.i.embedder.EclipseLogger - Using 'UTF-8' encoding to copy filtered resources.
2015-05-02 15:22:27,576 [Worker-10] INFO  o.e.m.c.i.embedder.EclipseLogger - skip non existing resourceDirectory /Users/Yingkai/GitHub/yuankang739223231/weiwei-service-master1/weiwei-infrastructure-svc/src/test/resources
2015-05-02 15:23:01,015 [Worker-6] INFO  o.e.m.c.i.embedder.EclipseLogger - Using 'UTF-8' encoding to copy filtered resources.
2015-05-02 15:23:01,015 [Worker-6] INFO  o.e.m.c.i.embedder.EclipseLogger - skip non existing resourceDirectory /Users/Yingkai/GitHub/yuankang739223231/weiwei-service-master1/weiwei-infrastructure-svc/src/main/resources
2015-05-02 15:23:01,016 [Worker-6] INFO  o.e.m.c.i.embedder.EclipseLogger - Using 'UTF-8' encoding to copy filtered resources.
2015-05-02 15:23:01,017 [Worker-6] INFO  o.e.m.c.i.embedder.EclipseLogger - skip non existing resourceDirectory /Users/Yingkai/GitHub/yuankang739223231/weiwei-service-master1/weiwei-infrastructure-svc/src/test/resources
2015-05-02 15:23:29,292 [Worker-4] INFO  o.e.m.c.i.embedder.EclipseLogger - Using 'UTF-8' encoding to copy filtered resources.
2015-05-02 15:23:29,293 [Worker-4] INFO  o.e.m.c.i.embedder.EclipseLogger - Copying 0 resource
2015-05-02 15:23:29,294 [Worker-4] INFO  o.e.m.c.i.embedder.EclipseLogger - Using 'UTF-8' encoding to copy filtered resources.
2015-05-02 15:23:29,294 [Worker-4] INFO  o.e.m.c.i.embedder.EclipseLogger - skip non existing resourceDirectory /Users/Yingkai/GitHub/yuankang739223231/weiwei-service-master1/weiwei-centreservice-svc/src/test/resources
2015-05-02 15:23:37,367 [Worker-0] INFO  o.e.m.c.i.embedder.EclipseLogger - Using 'UTF-8' encoding to copy filtered resources.
2015-05-02 15:23:37,367 [Worker-0] INFO  o.e.m.c.i.embedder.EclipseLogger - Copying 0 resource
2015-05-02 15:23:37,369 [Worker-0] INFO  o.e.m.c.i.embedder.EclipseLogger - Using 'UTF-8' encoding to copy filtered resources.
2015-05-02 15:23:37,369 [Worker-0] INFO  o.e.m.c.i.embedder.EclipseLogger - skip non existing resourceDirectory /Users/Yingkai/GitHub/yuankang739223231/weiwei-service-master1/weiwei-centreservice-svc/src/test/resources
2015-05-02 15:25:12,248 [Worker-10] INFO  o.e.m.c.i.embedder.EclipseLogger - Using 'UTF-8' encoding to copy filtered resources.
2015-05-02 15:25:12,248 [Worker-10] INFO  o.e.m.c.i.embedder.EclipseLogger - skip non existing resourceDirectory /Users/Yingkai/GitHub/yuankang739223231/weiwei-service-master1/weiwei-infrastructure-svc/src/main/resources
2015-05-02 15:25:12,249 [Worker-10] INFO  o.e.m.c.i.embedder.EclipseLogger - Using 'UTF-8' encoding to copy filtered resources.
2015-05-02 15:25:12,250 [Worker-10] INFO  o.e.m.c.i.embedder.EclipseLogger - skip non existing resourceDirectory /Users/Yingkai/GitHub/yuankang739223231/weiwei-service-master1/weiwei-infrastructure-svc/src/test/resources
2015-05-02 15:25:30,437 [Worker-2] INFO  o.e.m.c.i.embedder.EclipseLogger - Using 'UTF-8' encoding to copy filtered resources.
2015-05-02 15:25:30,438 [Worker-2] INFO  o.e.m.c.i.embedder.EclipseLogger - skip non existing resourceDirectory /Users/Yingkai/GitHub/yuankang739223231/weiwei-service-master1/weiwei-infrastructure-svc/src/main/resources
2015-05-02 15:25:30,439 [Worker-2] INFO  o.e.m.c.i.embedder.EclipseLogger - Using 'UTF-8' encoding to copy filtered resources.
2015-05-02 15:25:30,439 [Worker-2] INFO  o.e.m.c.i.embedder.EclipseLogger - skip non existing resourceDirectory /Users/Yingkai/GitHub/yuankang739223231/weiwei-service-master1/weiwei-infrastructure-svc/src/test/resources
2015-05-02 15:25:46,746 [Worker-9] INFO  o.e.m.c.i.embedder.EclipseLogger - Using 'UTF-8' encoding to copy filtered resources.
2015-05-02 15:25:46,746 [Worker-9] INFO  o.e.m.c.i.embedder.EclipseLogger - skip non existing resourceDirectory /Users/Yingkai/GitHub/yuankang739223231/weiwei-service-master1/weiwei-infrastructure-svc/src/main/resources
2015-05-02 15:25:46,747 [Worker-9] INFO  o.e.m.c.i.embedder.EclipseLogger - Using 'UTF-8' encoding to copy filtered resources.
2015-05-02 15:25:46,748 [Worker-9] INFO  o.e.m.c.i.embedder.EclipseLogger - skip non existing resourceDirectory /Users/Yingkai/GitHub/yuankang739223231/weiwei-service-master1/weiwei-infrastructure-svc/src/test/resources
2015-05-02 15:26:13,098 [Worker-6] INFO  o.e.m.c.i.embedder.EclipseLogger - Using 'UTF-8' encoding to copy filtered resources.
2015-05-02 15:26:13,099 [Worker-6] INFO  o.e.m.c.i.embedder.EclipseLogger - skip non existing resourceDirectory /Users/Yingkai/GitHub/yuankang739223231/weiwei-service-master1/weiwei-infrastructure-svc/src/main/resources
2015-05-02 15:26:13,100 [Worker-6] INFO  o.e.m.c.i.embedder.EclipseLogger - Using 'UTF-8' encoding to copy filtered resources.
2015-05-02 15:26:13,100 [Worker-6] INFO  o.e.m.c.i.embedder.EclipseLogger - skip non existing resourceDirectory /Users/Yingkai/GitHub/yuankang739223231/weiwei-service-master1/weiwei-infrastructure-svc/src/test/resources
2015-05-02 15:27:03,944 [Worker-9] INFO  o.e.m.c.i.embedder.EclipseLogger - Using 'UTF-8' encoding to copy filtered resources.
2015-05-02 15:27:03,944 [Worker-9] INFO  o.e.m.c.i.embedder.EclipseLogger - skip non existing resourceDirectory /Users/Yingkai/GitHub/yuankang739223231/weiwei-service-master1/weiwei-infrastructure-svc/src/main/resources
2015-05-02 15:27:03,945 [Worker-9] INFO  o.e.m.c.i.embedder.EclipseLogger - Using 'UTF-8' encoding to copy filtered resources.
2015-05-02 15:27:03,946 [Worker-9] INFO  o.e.m.c.i.embedder.EclipseLogger - skip non existing resourceDirectory /Users/Yingkai/GitHub/yuankang739223231/weiwei-service-master1/weiwei-infrastructure-svc/src/test/resources
2015-05-02 15:27:32,390 [Worker-1] INFO  o.e.m.c.i.embedder.EclipseLogger - Using 'UTF-8' encoding to copy filtered resources.
2015-05-02 15:27:32,390 [Worker-1] INFO  o.e.m.c.i.embedder.EclipseLogger - skip non existing resourceDirectory /Users/Yingkai/GitHub/yuankang739223231/weiwei-service-master1/weiwei-infrastructure-svc/src/main/resources
2015-05-02 15:27:32,392 [Worker-1] INFO  o.e.m.c.i.embedder.EclipseLogger - Using 'UTF-8' encoding to copy filtered resources.
2015-05-02 15:27:32,392 [Worker-1] INFO  o.e.m.c.i.embedder.EclipseLogger - skip non existing resourceDirectory /Users/Yingkai/GitHub/yuankang739223231/weiwei-service-master1/weiwei-infrastructure-svc/src/test/resources
2015-05-02 15:30:43,282 [Worker-10] INFO  o.e.m.c.i.embedder.EclipseLogger - Using 'UTF-8' encoding to copy filtered resources.
2015-05-02 15:30:43,282 [Worker-10] INFO  o.e.m.c.i.embedder.EclipseLogger - Copying 0 resource
2015-05-02 15:30:43,283 [Worker-10] INFO  o.e.m.c.i.embedder.EclipseLogger - Using 'UTF-8' encoding to copy filtered resources.
2015-05-02 15:30:43,283 [Worker-10] INFO  o.e.m.c.i.embedder.EclipseLogger - skip non existing resourceDirectory /Users/Yingkai/GitHub/yuankang739223231/weiwei-service-master1/weiwei-centreservice-svc/src/test/resources
2015-05-02 15:30:56,576 [Worker-1] INFO  o.e.m.c.i.embedder.EclipseLogger - Using 'UTF-8' encoding to copy filtered resources.
2015-05-02 15:30:56,576 [Worker-1] INFO  o.e.m.c.i.embedder.EclipseLogger - Copying 0 resource
2015-05-02 15:30:56,577 [Worker-1] INFO  o.e.m.c.i.embedder.EclipseLogger - Using 'UTF-8' encoding to copy filtered resources.
2015-05-02 15:30:56,577 [Worker-1] INFO  o.e.m.c.i.embedder.EclipseLogger - skip non existing resourceDirectory /Users/Yingkai/GitHub/yuankang739223231/weiwei-service-master1/weiwei-centreservice-svc/src/test/resources
2015-05-02 15:34:00,444 [Worker-11] INFO  o.e.m.c.i.embedder.EclipseLogger - Using 'UTF-8' encoding to copy filtered resources.
2015-05-02 15:34:00,445 [Worker-11] INFO  o.e.m.c.i.embedder.EclipseLogger - Copying 0 resource
2015-05-02 15:34:00,447 [Worker-11] INFO  o.e.m.c.i.embedder.EclipseLogger - Using 'UTF-8' encoding to copy filtered resources.
2015-05-02 15:34:00,447 [Worker-11] INFO  o.e.m.c.i.embedder.EclipseLogger - skip non existing resourceDirectory /Users/Yingkai/GitHub/yuankang739223231/weiwei-service-master1/weiwei-centreservice-svc/src/test/resources
2015-05-02 15:34:43,466 [Worker-6] INFO  o.e.m.c.i.embedder.EclipseLogger - Using 'UTF-8' encoding to copy filtered resources.
2015-05-02 15:34:43,466 [Worker-6] INFO  o.e.m.c.i.embedder.EclipseLogger - Copying 0 resource
2015-05-02 15:34:43,467 [Worker-6] INFO  o.e.m.c.i.embedder.EclipseLogger - Using 'UTF-8' encoding to copy filtered resources.
2015-05-02 15:34:43,468 [Worker-6] INFO  o.e.m.c.i.embedder.EclipseLogger - skip non existing resourceDirectory /Users/Yingkai/GitHub/yuankang739223231/weiwei-service-master1/weiwei-centreservice-svc/src/test/resources
2015-05-02 15:35:15,776 [Worker-9] INFO  o.e.m.c.i.embedder.EclipseLogger - Using 'UTF-8' encoding to copy filtered resources.
2015-05-02 15:35:15,777 [Worker-9] INFO  o.e.m.c.i.embedder.EclipseLogger - Copying 0 resource
2015-05-02 15:35:15,778 [Worker-9] INFO  o.e.m.c.i.embedder.EclipseLogger - Using 'UTF-8' encoding to copy filtered resources.
2015-05-02 15:35:15,778 [Worker-9] INFO  o.e.m.c.i.embedder.EclipseLogger - skip non existing resourceDirectory /Users/Yingkai/GitHub/yuankang739223231/weiwei-service-master1/weiwei-centreservice-svc/src/test/resources
2015-05-02 15:36:32,571 [Worker-5] INFO  o.e.m.c.i.embedder.EclipseLogger - Using 'UTF-8' encoding to copy filtered resources.
2015-05-02 15:36:32,571 [Worker-5] INFO  o.e.m.c.i.embedder.EclipseLogger - Copying 0 resource
2015-05-02 15:36:32,572 [Worker-5] INFO  o.e.m.c.i.embedder.EclipseLogger - Using 'UTF-8' encoding to copy filtered resources.
2015-05-02 15:36:32,572 [Worker-5] INFO  o.e.m.c.i.embedder.EclipseLogger - skip non existing resourceDirectory /Users/Yingkai/GitHub/yuankang739223231/weiwei-service-master1/weiwei-centreservice-svc/src/test/resources
2015-05-02 15:37:18,344 [Worker-3] INFO  o.e.m.c.i.embedder.EclipseLogger - Using 'UTF-8' encoding to copy filtered resources.
2015-05-02 15:37:18,344 [Worker-3] INFO  o.e.m.c.i.embedder.EclipseLogger - Copying 0 resource
2015-05-02 15:37:18,346 [Worker-3] INFO  o.e.m.c.i.embedder.EclipseLogger - Using 'UTF-8' encoding to copy filtered resources.
2015-05-02 15:37:18,346 [Worker-3] INFO  o.e.m.c.i.embedder.EclipseLogger - skip non existing resourceDirectory /Users/Yingkai/GitHub/yuankang739223231/weiwei-service-master1/weiwei-centreservice-svc/src/test/resources
2015-05-02 15:37:50,712 [Worker-1] INFO  o.e.m.c.i.embedder.EclipseLogger - Using 'UTF-8' encoding to copy filtered resources.
2015-05-02 15:37:50,712 [Worker-1] INFO  o.e.m.c.i.embedder.EclipseLogger - Copying 0 resource
2015-05-02 15:37:50,713 [Worker-1] INFO  o.e.m.c.i.embedder.EclipseLogger - Using 'UTF-8' encoding to copy filtered resources.
2015-05-02 15:37:50,713 [Worker-1] INFO  o.e.m.c.i.embedder.EclipseLogger - skip non existing resourceDirectory /Users/Yingkai/GitHub/yuankang739223231/weiwei-service-master1/weiwei-centreservice-svc/src/test/resources
2015-05-02 15:38:01,701 [Worker-6] INFO  o.e.m.c.i.embedder.EclipseLogger - Using 'UTF-8' encoding to copy filtered resources.
2015-05-02 15:38:01,701 [Worker-6] INFO  o.e.m.c.i.embedder.EclipseLogger - Copying 0 resource
2015-05-02 15:38:01,702 [Worker-6] INFO  o.e.m.c.i.embedder.EclipseLogger - Using 'UTF-8' encoding to copy filtered resources.
2015-05-02 15:38:01,703 [Worker-6] INFO  o.e.m.c.i.embedder.EclipseLogger - skip non existing resourceDirectory /Users/Yingkai/GitHub/yuankang739223231/weiwei-service-master1/weiwei-centreservice-svc/src/test/resources
2015-05-02 15:38:17,003 [Worker-0] INFO  o.e.m.c.i.embedder.EclipseLogger - Using 'UTF-8' encoding to copy filtered resources.
2015-05-02 15:38:17,003 [Worker-0] INFO  o.e.m.c.i.embedder.EclipseLogger - Copying 0 resource
2015-05-02 15:38:17,004 [Worker-0] INFO  o.e.m.c.i.embedder.EclipseLogger - Using 'UTF-8' encoding to copy filtered resources.
2015-05-02 15:38:17,004 [Worker-0] INFO  o.e.m.c.i.embedder.EclipseLogger - skip non existing resourceDirectory /Users/Yingkai/GitHub/yuankang739223231/weiwei-service-master1/weiwei-centreservice-svc/src/test/resources
2015-05-02 15:38:32,626 [Worker-0] INFO  o.e.m.c.i.embedder.EclipseLogger - Using 'UTF-8' encoding to copy filtered resources.
2015-05-02 15:38:32,626 [Worker-0] INFO  o.e.m.c.i.embedder.EclipseLogger - Copying 0 resource
2015-05-02 15:38:32,627 [Worker-0] INFO  o.e.m.c.i.embedder.EclipseLogger - Using 'UTF-8' encoding to copy filtered resources.
2015-05-02 15:38:32,628 [Worker-0] INFO  o.e.m.c.i.embedder.EclipseLogger - skip non existing resourceDirectory /Users/Yingkai/GitHub/yuankang739223231/weiwei-service-master1/weiwei-centreservice-svc/src/test/resources
2015-05-02 15:46:01,451 [Worker-9] INFO  o.e.m.c.i.embedder.EclipseLogger - Using 'UTF-8' encoding to copy filtered resources.
2015-05-02 15:46:01,451 [Worker-9] INFO  o.e.m.c.i.embedder.EclipseLogger - Copying 0 resource
2015-05-02 15:46:01,453 [Worker-9] INFO  o.e.m.c.i.embedder.EclipseLogger - Using 'UTF-8' encoding to copy filtered resources.
2015-05-02 15:46:01,453 [Worker-9] INFO  o.e.m.c.i.embedder.EclipseLogger - skip non existing resourceDirectory /Users/Yingkai/GitHub/yuankang739223231/weiwei-service-master1/weiwei-centreservice-svc/src/test/resources
2015-05-02 15:48:05,867 [Worker-5] INFO  o.e.m.c.i.embedder.EclipseLogger - Using 'UTF-8' encoding to copy filtered resources.
2015-05-02 15:48:05,868 [Worker-5] INFO  o.e.m.c.i.embedder.EclipseLogger - Copying 0 resource
2015-05-02 15:48:05,869 [Worker-5] INFO  o.e.m.c.i.embedder.EclipseLogger - Using 'UTF-8' encoding to copy filtered resources.
2015-05-02 15:48:05,869 [Worker-5] INFO  o.e.m.c.i.embedder.EclipseLogger - skip non existing resourceDirectory /Users/Yingkai/GitHub/yuankang739223231/weiwei-service-master1/weiwei-centreservice-svc/src/test/resources
2015-05-02 15:53:47,039 [Worker-5] INFO  o.e.m.c.i.embedder.EclipseLogger - Using 'UTF-8' encoding to copy filtered resources.
2015-05-02 15:53:47,040 [Worker-5] INFO  o.e.m.c.i.embedder.EclipseLogger - Copying 0 resource
2015-05-02 15:53:47,041 [Worker-5] INFO  o.e.m.c.i.embedder.EclipseLogger - Using 'UTF-8' encoding to copy filtered resources.
2015-05-02 15:53:47,042 [Worker-5] INFO  o.e.m.c.i.embedder.EclipseLogger - skip non existing resourceDirectory /Users/Yingkai/GitHub/yuankang739223231/weiwei-service-master1/weiwei-centreservice-svc/src/test/resources
2015-05-02 15:54:53,539 [Worker-9] INFO  o.e.m.c.i.embedder.EclipseLogger - Using 'UTF-8' encoding to copy filtered resources.
2015-05-02 15:54:53,540 [Worker-9] INFO  o.e.m.c.i.embedder.EclipseLogger - Copying 0 resource
2015-05-02 15:54:53,541 [Worker-9] INFO  o.e.m.c.i.embedder.EclipseLogger - Using 'UTF-8' encoding to copy filtered resources.
2015-05-02 15:54:53,541 [Worker-9] INFO  o.e.m.c.i.embedder.EclipseLogger - skip non existing resourceDirectory /Users/Yingkai/GitHub/yuankang739223231/weiwei-service-master1/weiwei-centreservice-svc/src/test/resources
2015-05-02 15:58:01,748 [Worker-6] INFO  o.e.m.c.i.embedder.EclipseLogger - Using 'UTF-8' encoding to copy filtered resources.
2015-05-02 15:58:01,749 [Worker-6] INFO  o.e.m.c.i.embedder.EclipseLogger - Copying 0 resource
2015-05-02 15:58:01,750 [Worker-6] INFO  o.e.m.c.i.embedder.EclipseLogger - Using 'UTF-8' encoding to copy filtered resources.
2015-05-02 15:58:01,750 [Worker-6] INFO  o.e.m.c.i.embedder.EclipseLogger - skip non existing resourceDirectory /Users/Yingkai/GitHub/yuankang739223231/weiwei-service-master1/weiwei-centreservice-svc/src/test/resources
2015-05-02 15:58:16,872 [Worker-0] INFO  o.e.m.c.i.embedder.EclipseLogger - Using 'UTF-8' encoding to copy filtered resources.
2015-05-02 15:58:16,872 [Worker-0] INFO  o.e.m.c.i.embedder.EclipseLogger - Copying 0 resource
2015-05-02 15:58:16,874 [Worker-0] INFO  o.e.m.c.i.embedder.EclipseLogger - Using 'UTF-8' encoding to copy filtered resources.
2015-05-02 15:58:16,874 [Worker-0] INFO  o.e.m.c.i.embedder.EclipseLogger - skip non existing resourceDirectory /Users/Yingkai/GitHub/yuankang739223231/weiwei-service-master1/weiwei-centreservice-svc/src/test/resources
2015-05-02 16:00:32,940 [Worker-11] INFO  o.e.m.c.i.embedder.EclipseLogger - Using 'UTF-8' encoding to copy filtered resources.
2015-05-02 16:00:32,940 [Worker-11] INFO  o.e.m.c.i.embedder.EclipseLogger - Copying 0 resource
2015-05-02 16:00:32,941 [Worker-11] INFO  o.e.m.c.i.embedder.EclipseLogger - Using 'UTF-8' encoding to copy filtered resources.
2015-05-02 16:00:32,941 [Worker-11] INFO  o.e.m.c.i.embedder.EclipseLogger - skip non existing resourceDirectory /Users/Yingkai/GitHub/yuankang739223231/weiwei-service-master1/weiwei-centreservice-svc/src/test/resources
2015-05-02 16:01:37,687 [Worker-6] INFO  o.e.m.c.i.embedder.EclipseLogger - Using 'UTF-8' encoding to copy filtered resources.
2015-05-02 16:01:37,688 [Worker-6] INFO  o.e.m.c.i.embedder.EclipseLogger - Copying 0 resource
2015-05-02 16:01:37,691 [Worker-6] INFO  o.e.m.c.i.embedder.EclipseLogger - Using 'UTF-8' encoding to copy filtered resources.
2015-05-02 16:01:37,692 [Worker-6] INFO  o.e.m.c.i.embedder.EclipseLogger - skip non existing resourceDirectory /Users/Yingkai/GitHub/yuankang739223231/weiwei-service-master1/weiwei-centreservice-svc/src/test/resources
2015-05-02 16:05:45,514 [Worker-3] INFO  o.e.m.c.i.embedder.EclipseLogger - Using 'UTF-8' encoding to copy filtered resources.
2015-05-02 16:05:45,514 [Worker-3] INFO  o.e.m.c.i.embedder.EclipseLogger - skip non existing resourceDirectory /Users/Yingkai/GitHub/yuankang739223231/weiwei-service-master1/weiwei-infrastructure-svc/src/main/resources
2015-05-02 16:05:45,516 [Worker-3] INFO  o.e.m.c.i.embedder.EclipseLogger - Using 'UTF-8' encoding to copy filtered resources.
2015-05-02 16:05:45,516 [Worker-3] INFO  o.e.m.c.i.embedder.EclipseLogger - skip non existing resourceDirectory /Users/Yingkai/GitHub/yuankang739223231/weiwei-service-master1/weiwei-infrastructure-svc/src/test/resources
2015-05-02 16:06:08,992 [Worker-0] INFO  o.e.m.c.i.embedder.EclipseLogger - Using 'UTF-8' encoding to copy filtered resources.
2015-05-02 16:06:08,992 [Worker-0] INFO  o.e.m.c.i.embedder.EclipseLogger - skip non existing resourceDirectory /Users/Yingkai/GitHub/yuankang739223231/weiwei-service-master1/weiwei-infrastructure-svc/src/main/resources
2015-05-02 16:06:08,994 [Worker-0] INFO  o.e.m.c.i.embedder.EclipseLogger - Using 'UTF-8' encoding to copy filtered resources.
2015-05-02 16:06:08,995 [Worker-0] INFO  o.e.m.c.i.embedder.EclipseLogger - skip non existing resourceDirectory /Users/Yingkai/GitHub/yuankang739223231/weiwei-service-master1/weiwei-infrastructure-svc/src/test/resources
2015-05-02 16:06:18,123 [Worker-0] INFO  o.e.m.c.i.embedder.EclipseLogger - Using 'UTF-8' encoding to copy filtered resources.
2015-05-02 16:06:18,123 [Worker-0] INFO  o.e.m.c.i.embedder.EclipseLogger - skip non existing resourceDirectory /Users/Yingkai/GitHub/yuankang739223231/weiwei-service-master1/weiwei-infrastructure-svc/src/main/resources
2015-05-02 16:06:18,124 [Worker-0] INFO  o.e.m.c.i.embedder.EclipseLogger - Using 'UTF-8' encoding to copy filtered resources.
2015-05-02 16:06:18,124 [Worker-0] INFO  o.e.m.c.i.embedder.EclipseLogger - skip non existing resourceDirectory /Users/Yingkai/GitHub/yuankang739223231/weiwei-service-master1/weiwei-infrastructure-svc/src/test/resources
2015-05-02 16:08:04,118 [Worker-0] INFO  o.e.m.c.i.embedder.EclipseLogger - Using 'UTF-8' encoding to copy filtered resources.
2015-05-02 16:08:04,118 [Worker-0] INFO  o.e.m.c.i.embedder.EclipseLogger - skip non existing resourceDirectory /Users/Yingkai/GitHub/yuankang739223231/weiwei-service-master1/weiwei-infrastructure-svc/src/main/resources
2015-05-02 16:08:04,119 [Worker-0] INFO  o.e.m.c.i.embedder.EclipseLogger - Using 'UTF-8' encoding to copy filtered resources.
2015-05-02 16:08:04,119 [Worker-0] INFO  o.e.m.c.i.embedder.EclipseLogger - skip non existing resourceDirectory /Users/Yingkai/GitHub/yuankang739223231/weiwei-service-master1/weiwei-infrastructure-svc/src/test/resources
2015-05-02 16:09:11,571 [Worker-6] INFO  o.e.m.c.i.embedder.EclipseLogger - Using 'UTF-8' encoding to copy filtered resources.
2015-05-02 16:09:11,571 [Worker-6] INFO  o.e.m.c.i.embedder.EclipseLogger - Copying 0 resource
2015-05-02 16:09:11,573 [Worker-6] INFO  o.e.m.c.i.embedder.EclipseLogger - Using 'UTF-8' encoding to copy filtered resources.
2015-05-02 16:09:11,573 [Worker-6] INFO  o.e.m.c.i.embedder.EclipseLogger - skip non existing resourceDirectory /Users/Yingkai/GitHub/yuankang739223231/weiwei-service-master1/weiwei-centreservice-svc/src/test/resources
2015-05-02 16:11:07,679 [Worker-0] INFO  o.e.m.c.i.embedder.EclipseLogger - Using 'UTF-8' encoding to copy filtered resources.
2015-05-02 16:11:07,679 [Worker-0] INFO  o.e.m.c.i.embedder.EclipseLogger - Copying 0 resource
2015-05-02 16:11:07,680 [Worker-0] INFO  o.e.m.c.i.embedder.EclipseLogger - Using 'UTF-8' encoding to copy filtered resources.
2015-05-02 16:11:07,681 [Worker-0] INFO  o.e.m.c.i.embedder.EclipseLogger - skip non existing resourceDirectory /Users/Yingkai/GitHub/yuankang739223231/weiwei-service-master1/weiwei-centreservice-svc/src/test/resources
2015-05-02 16:11:20,745 [Worker-3] INFO  o.e.m.c.i.embedder.EclipseLogger - Using 'UTF-8' encoding to copy filtered resources.
2015-05-02 16:11:20,746 [Worker-3] INFO  o.e.m.c.i.embedder.EclipseLogger - Copying 0 resource
2015-05-02 16:11:20,747 [Worker-3] INFO  o.e.m.c.i.embedder.EclipseLogger - Using 'UTF-8' encoding to copy filtered resources.
2015-05-02 16:11:20,748 [Worker-3] INFO  o.e.m.c.i.embedder.EclipseLogger - skip non existing resourceDirectory /Users/Yingkai/GitHub/yuankang739223231/weiwei-service-master1/weiwei-centreservice-svc/src/test/resources
2015-05-02 16:17:16,311 [Worker-1] INFO  o.e.m.c.i.embedder.EclipseLogger - Using 'UTF-8' encoding to copy filtered resources.
2015-05-02 16:17:16,312 [Worker-1] INFO  o.e.m.c.i.embedder.EclipseLogger - Copying 0 resource
2015-05-02 16:17:16,313 [Worker-1] INFO  o.e.m.c.i.embedder.EclipseLogger - Copying 0 resource
2015-05-02 16:17:16,317 [Worker-1] INFO  o.e.m.c.i.embedder.EclipseLogger - Using 'UTF-8' encoding to copy filtered resources.
2015-05-02 16:17:16,317 [Worker-1] INFO  o.e.m.c.i.embedder.EclipseLogger - Copying 0 resource
2015-05-02 16:24:31,928 [Worker-3] INFO  o.e.m.i.launch.MavenLaunchDelegate - /Users/Yingkai/GitHub/yuankang739223231/weiwei-service-master1/weiwei-build-aggregate
2015-05-02 16:24:31,930 [Worker-3] INFO  o.e.m.i.launch.MavenLaunchDelegate -  mvn  -B clean
2015-05-02 16:25:00,408 [Worker-6] INFO  o.e.m.w.i.f.ResourceFilteringBuildParticipant - Cleaning filtered folder for weiwei-rest-service-master
2015-05-02 16:25:00,726 [Worker-5] INFO  o.e.m.c.i.embedder.EclipseLogger - Using 'UTF-8' encoding to copy filtered resources.
2015-05-02 16:25:00,726 [Worker-5] INFO  o.e.m.c.i.embedder.EclipseLogger - skip non existing resourceDirectory /Users/Yingkai/GitHub/yuankang739223231/weiwei-service-master1/weiwei-infrastructure-svc/src/main/resources
2015-05-02 16:25:00,728 [Worker-5] INFO  o.e.m.c.i.embedder.EclipseLogger - Using 'UTF-8' encoding to copy filtered resources.
2015-05-02 16:25:00,728 [Worker-5] INFO  o.e.m.c.i.embedder.EclipseLogger - skip non existing resourceDirectory /Users/Yingkai/GitHub/yuankang739223231/weiwei-service-master1/weiwei-infrastructure-svc/src/test/resources
2015-05-02 16:25:00,760 [Worker-5] INFO  o.e.m.c.i.embedder.EclipseLogger - Using 'UTF-8' encoding to copy filtered resources.
2015-05-02 16:25:00,760 [Worker-5] INFO  o.e.m.c.i.embedder.EclipseLogger - skip non existing resourceDirectory /Users/Yingkai/GitHub/yuankang739223231/weiwei-service-master1/weiwei-intellectual-svc/src/main/resources
2015-05-02 16:25:00,761 [Worker-5] INFO  o.e.m.c.i.embedder.EclipseLogger - Using 'UTF-8' encoding to copy filtered resources.
2015-05-02 16:25:00,761 [Worker-5] INFO  o.e.m.c.i.embedder.EclipseLogger - skip non existing resourceDirectory /Users/Yingkai/GitHub/yuankang739223231/weiwei-service-master1/weiwei-intellectual-svc/src/test/resources
2015-05-02 16:25:00,821 [Worker-5] INFO  o.e.m.c.i.embedder.EclipseLogger - Using 'UTF-8' encoding to copy filtered resources.
2015-05-02 16:25:00,821 [Worker-5] INFO  o.e.m.c.i.embedder.EclipseLogger - skip non existing resourceDirectory /Users/Yingkai/GitHub/yuankang739223231/weiwei-service-master1/weiwei-processor/src/main/resources
2015-05-02 16:25:00,824 [Worker-5] INFO  o.e.m.c.i.embedder.EclipseLogger - Using 'UTF-8' encoding to copy filtered resources.
2015-05-02 16:25:00,824 [Worker-5] INFO  o.e.m.c.i.embedder.EclipseLogger - skip non existing resourceDirectory /Users/Yingkai/GitHub/yuankang739223231/weiwei-service-master1/weiwei-processor/src/test/resources
2015-05-02 16:25:00,947 [Worker-5] INFO  o.e.m.c.i.embedder.EclipseLogger - Using 'UTF-8' encoding to copy filtered resources.
2015-05-02 16:25:00,947 [Worker-5] INFO  o.e.m.c.i.embedder.EclipseLogger - Copying 0 resource
2015-05-02 16:25:00,949 [Worker-5] INFO  o.e.m.c.i.embedder.EclipseLogger - Using 'UTF-8' encoding to copy filtered resources.
2015-05-02 16:25:00,949 [Worker-5] INFO  o.e.m.c.i.embedder.EclipseLogger - skip non existing resourceDirectory /Users/Yingkai/GitHub/yuankang739223231/weiwei-service-master1/weiwei-centreservice-svc/src/test/resources
2015-05-02 16:25:01,276 [Worker-5] INFO  o.e.m.c.i.embedder.EclipseLogger - Using 'UTF-8' encoding to copy filtered resources.
2015-05-02 16:25:01,276 [Worker-5] INFO  o.e.m.c.i.embedder.EclipseLogger - Copying 0 resource
2015-05-02 16:25:01,277 [Worker-5] INFO  o.e.m.c.i.embedder.EclipseLogger - Copying 0 resource
2015-05-02 16:25:01,279 [Worker-5] INFO  o.e.m.c.i.embedder.EclipseLogger - Using 'UTF-8' encoding to copy filtered resources.
2015-05-02 16:25:01,280 [Worker-5] INFO  o.e.m.c.i.embedder.EclipseLogger - Copying 0 resource
2015-05-02 16:25:01,465 [Worker-2] INFO  o.e.m.c.i.embedder.EclipseLogger - Using 'UTF-8' encoding to copy filtered resources.
2015-05-02 16:25:01,465 [Worker-2] INFO  o.e.m.c.i.embedder.EclipseLogger - Copying 0 resource
2015-05-02 16:25:01,465 [Worker-2] INFO  o.e.m.c.i.embedder.EclipseLogger - Copying 0 resource
2015-05-02 16:25:01,467 [Worker-2] INFO  o.e.m.c.i.embedder.EclipseLogger - Using 'UTF-8' encoding to copy filtered resources.
2015-05-02 16:25:01,468 [Worker-2] INFO  o.e.m.c.i.embedder.EclipseLogger - Copying 0 resource
2015-05-02 16:32:14,558 [Worker-6] INFO  o.e.m.i.launch.MavenLaunchDelegate - /Users/Yingkai/GitHub/yuankang739223231/weiwei-service-master1/weiwei-infrastructure-svc
2015-05-02 16:32:14,559 [Worker-6] INFO  o.e.m.i.launch.MavenLaunchDelegate -  mvn  -B clean
2015-05-02 16:32:16,546 [Worker-1] INFO  o.e.m.c.i.embedder.EclipseLogger - Using 'UTF-8' encoding to copy filtered resources.
2015-05-02 16:32:16,546 [Worker-1] INFO  o.e.m.c.i.embedder.EclipseLogger - skip non existing resourceDirectory /Users/Yingkai/GitHub/yuankang739223231/weiwei-service-master1/weiwei-infrastructure-svc/src/main/resources
2015-05-02 16:32:16,548 [Worker-1] INFO  o.e.m.c.i.embedder.EclipseLogger - Using 'UTF-8' encoding to copy filtered resources.
2015-05-02 16:32:16,548 [Worker-1] INFO  o.e.m.c.i.embedder.EclipseLogger - skip non existing resourceDirectory /Users/Yingkai/GitHub/yuankang739223231/weiwei-service-master1/weiwei-infrastructure-svc/src/test/resources
2015-05-02 16:32:16,676 [Worker-3] INFO  o.e.m.c.i.embedder.EclipseLogger - Using 'UTF-8' encoding to copy filtered resources.
2015-05-02 16:32:16,676 [Worker-3] INFO  o.e.m.c.i.embedder.EclipseLogger - skip non existing resourceDirectory /Users/Yingkai/GitHub/yuankang739223231/weiwei-service-master1/weiwei-infrastructure-svc/src/main/resources
2015-05-02 16:32:16,678 [Worker-3] INFO  o.e.m.c.i.embedder.EclipseLogger - Using 'UTF-8' encoding to copy filtered resources.
2015-05-02 16:32:16,678 [Worker-3] INFO  o.e.m.c.i.embedder.EclipseLogger - skip non existing resourceDirectory /Users/Yingkai/GitHub/yuankang739223231/weiwei-service-master1/weiwei-infrastructure-svc/src/test/resources
2015-05-02 16:32:33,206 [Worker-5] INFO  o.e.m.i.launch.MavenLaunchDelegate - /Users/Yingkai/GitHub/yuankang739223231/weiwei-service-master1/weiwei-build-aggregate
2015-05-02 16:32:33,206 [Worker-5] INFO  o.e.m.i.launch.MavenLaunchDelegate -  mvn  -B clean
2015-05-02 16:32:40,702 [Worker-1] INFO  o.e.m.i.launch.MavenLaunchDelegate - /Users/Yingkai/GitHub/yuankang739223231/weiwei-service-master1/weiwei-build-aggregate
2015-05-02 16:32:40,702 [Worker-1] INFO  o.e.m.i.launch.MavenLaunchDelegate -  mvn  -B install
2015-05-02 16:35:49,419 [Worker-9] INFO  o.e.m.w.i.f.ResourceFilteringBuildParticipant - Cleaning filtered folder for weiwei-rest-service-master
2015-05-02 16:35:49,625 [Worker-9] INFO  o.e.m.c.i.embedder.EclipseLogger - Using 'UTF-8' encoding to copy filtered resources.
2015-05-02 16:35:49,625 [Worker-9] INFO  o.e.m.c.i.embedder.EclipseLogger - skip non existing resourceDirectory /Users/Yingkai/GitHub/yuankang739223231/weiwei-service-master1/weiwei-infrastructure-svc/src/main/resources
2015-05-02 16:35:49,626 [Worker-9] INFO  o.e.m.c.i.embedder.EclipseLogger - Using 'UTF-8' encoding to copy filtered resources.
2015-05-02 16:35:49,627 [Worker-9] INFO  o.e.m.c.i.embedder.EclipseLogger - skip non existing resourceDirectory /Users/Yingkai/GitHub/yuankang739223231/weiwei-service-master1/weiwei-infrastructure-svc/src/test/resources
2015-05-02 16:35:49,651 [Worker-9] INFO  o.e.m.c.i.embedder.EclipseLogger - Using 'UTF-8' encoding to copy filtered resources.
2015-05-02 16:35:49,651 [Worker-9] INFO  o.e.m.c.i.embedder.EclipseLogger - skip non existing resourceDirectory /Users/Yingkai/GitHub/yuankang739223231/weiwei-service-master1/weiwei-intellectual-svc/src/main/resources
2015-05-02 16:35:49,653 [Worker-9] INFO  o.e.m.c.i.embedder.EclipseLogger - Using 'UTF-8' encoding to copy filtered resources.
2015-05-02 16:35:49,654 [Worker-9] INFO  o.e.m.c.i.embedder.EclipseLogger - skip non existing resourceDirectory /Users/Yingkai/GitHub/yuankang739223231/weiwei-service-master1/weiwei-intellectual-svc/src/test/resources
2015-05-02 16:35:49,685 [Worker-9] INFO  o.e.m.c.i.embedder.EclipseLogger - Using 'UTF-8' encoding to copy filtered resources.
2015-05-02 16:35:49,686 [Worker-9] INFO  o.e.m.c.i.embedder.EclipseLogger - skip non existing resourceDirectory /Users/Yingkai/GitHub/yuankang739223231/weiwei-service-master1/weiwei-processor/src/main/resources
2015-05-02 16:35:49,687 [Worker-9] INFO  o.e.m.c.i.embedder.EclipseLogger - Using 'UTF-8' encoding to copy filtered resources.
2015-05-02 16:35:49,688 [Worker-9] INFO  o.e.m.c.i.embedder.EclipseLogger - skip non existing resourceDirectory /Users/Yingkai/GitHub/yuankang739223231/weiwei-service-master1/weiwei-processor/src/test/resources
2015-05-02 16:35:49,806 [Worker-9] INFO  o.e.m.c.i.embedder.EclipseLogger - Using 'UTF-8' encoding to copy filtered resources.
2015-05-02 16:35:49,806 [Worker-9] INFO  o.e.m.c.i.embedder.EclipseLogger - Copying 0 resource
2015-05-02 16:35:49,808 [Worker-9] INFO  o.e.m.c.i.embedder.EclipseLogger - Using 'UTF-8' encoding to copy filtered resources.
2015-05-02 16:35:49,808 [Worker-9] INFO  o.e.m.c.i.embedder.EclipseLogger - skip non existing resourceDirectory /Users/Yingkai/GitHub/yuankang739223231/weiwei-service-master1/weiwei-centreservice-svc/src/test/resources
2015-05-02 16:35:50,084 [Worker-9] INFO  o.e.m.c.i.embedder.EclipseLogger - Using 'UTF-8' encoding to copy filtered resources.
2015-05-02 16:35:50,085 [Worker-9] INFO  o.e.m.c.i.embedder.EclipseLogger - Copying 0 resource
2015-05-02 16:35:50,085 [Worker-9] INFO  o.e.m.c.i.embedder.EclipseLogger - Copying 0 resource
2015-05-02 16:35:50,087 [Worker-9] INFO  o.e.m.c.i.embedder.EclipseLogger - Using 'UTF-8' encoding to copy filtered resources.
2015-05-02 16:35:50,087 [Worker-9] INFO  o.e.m.c.i.embedder.EclipseLogger - Copying 0 resource
2015-05-02 16:35:51,174 [Worker-3] INFO  o.e.m.c.i.embedder.EclipseLogger - Using 'UTF-8' encoding to copy filtered resources.
2015-05-02 16:35:51,174 [Worker-3] INFO  o.e.m.c.i.embedder.EclipseLogger - skip non existing resourceDirectory /Users/Yingkai/GitHub/yuankang739223231/weiwei-service-master1/weiwei-infrastructure-svc/src/main/resources
2015-05-02 16:35:51,175 [Worker-3] INFO  o.e.m.c.i.embedder.EclipseLogger - Using 'UTF-8' encoding to copy filtered resources.
2015-05-02 16:35:51,175 [Worker-3] INFO  o.e.m.c.i.embedder.EclipseLogger - skip non existing resourceDirectory /Users/Yingkai/GitHub/yuankang739223231/weiwei-service-master1/weiwei-infrastructure-svc/src/test/resources
2015-05-02 16:35:51,287 [Worker-9] INFO  o.e.m.c.i.embedder.EclipseLogger - Using 'UTF-8' encoding to copy filtered resources.
2015-05-02 16:35:51,287 [Worker-9] INFO  o.e.m.c.i.embedder.EclipseLogger - skip non existing resourceDirectory /Users/Yingkai/GitHub/yuankang739223231/weiwei-service-master1/weiwei-intellectual-svc/src/main/resources
2015-05-02 16:35:51,288 [Worker-9] INFO  o.e.m.c.i.embedder.EclipseLogger - Using 'UTF-8' encoding to copy filtered resources.
2015-05-02 16:35:51,289 [Worker-9] INFO  o.e.m.c.i.embedder.EclipseLogger - skip non existing resourceDirectory /Users/Yingkai/GitHub/yuankang739223231/weiwei-service-master1/weiwei-intellectual-svc/src/test/resources
2015-05-02 16:35:51,295 [Worker-9] INFO  o.e.m.c.i.embedder.EclipseLogger - Using 'UTF-8' encoding to copy filtered resources.
2015-05-02 16:35:51,295 [Worker-9] INFO  o.e.m.c.i.embedder.EclipseLogger - skip non existing resourceDirectory /Users/Yingkai/GitHub/yuankang739223231/weiwei-service-master1/weiwei-processor/src/main/resources
2015-05-02 16:35:51,296 [Worker-9] INFO  o.e.m.c.i.embedder.EclipseLogger - Using 'UTF-8' encoding to copy filtered resources.
2015-05-02 16:35:51,296 [Worker-9] INFO  o.e.m.c.i.embedder.EclipseLogger - skip non existing resourceDirectory /Users/Yingkai/GitHub/yuankang739223231/weiwei-service-master1/weiwei-processor/src/test/resources
2015-05-02 16:35:51,304 [Worker-9] INFO  o.e.m.c.i.embedder.EclipseLogger - Using 'UTF-8' encoding to copy filtered resources.
2015-05-02 16:35:51,304 [Worker-9] INFO  o.e.m.c.i.embedder.EclipseLogger - Copying 0 resource
2015-05-02 16:35:51,305 [Worker-9] INFO  o.e.m.c.i.embedder.EclipseLogger - Using 'UTF-8' encoding to copy filtered resources.
2015-05-02 16:35:51,305 [Worker-9] INFO  o.e.m.c.i.embedder.EclipseLogger - skip non existing resourceDirectory /Users/Yingkai/GitHub/yuankang739223231/weiwei-service-master1/weiwei-centreservice-svc/src/test/resources
2015-05-02 16:35:51,315 [Worker-9] INFO  o.e.m.c.i.embedder.EclipseLogger - Using 'UTF-8' encoding to copy filtered resources.
2015-05-02 16:35:51,316 [Worker-9] INFO  o.e.m.c.i.embedder.EclipseLogger - Copying 0 resource
2015-05-02 16:35:51,316 [Worker-9] INFO  o.e.m.c.i.embedder.EclipseLogger - Copying 0 resource
2015-05-02 16:35:51,319 [Worker-9] INFO  o.e.m.c.i.embedder.EclipseLogger - Using 'UTF-8' encoding to copy filtered resources.
2015-05-02 16:35:51,319 [Worker-9] INFO  o.e.m.c.i.embedder.EclipseLogger - Copying 0 resource
2015-05-02 16:36:59,628 [Worker-1] INFO  o.e.m.c.i.embedder.EclipseLogger - Using 'UTF-8' encoding to copy filtered resources.
2015-05-02 16:36:59,628 [Worker-1] INFO  o.e.m.c.i.embedder.EclipseLogger - skip non existing resourceDirectory /Users/Yingkai/GitHub/yuankang739223231/weiwei-service-master1/weiwei-infrastructure-svc/src/main/resources
2015-05-02 16:36:59,630 [Worker-1] INFO  o.e.m.c.i.embedder.EclipseLogger - Using 'UTF-8' encoding to copy filtered resources.
2015-05-02 16:36:59,630 [Worker-1] INFO  o.e.m.c.i.embedder.EclipseLogger - skip non existing resourceDirectory /Users/Yingkai/GitHub/yuankang739223231/weiwei-service-master1/weiwei-infrastructure-svc/src/test/resources
2015-05-02 16:37:00,670 [Worker-3] INFO  o.e.m.c.i.embedder.EclipseLogger - Using 'UTF-8' encoding to copy filtered resources.
2015-05-02 16:37:00,670 [Worker-3] INFO  o.e.m.c.i.embedder.EclipseLogger - skip non existing resourceDirectory /Users/Yingkai/GitHub/yuankang739223231/weiwei-service-master1/weiwei-infrastructure-svc/src/main/resources
2015-05-02 16:37:00,672 [Worker-3] INFO  o.e.m.c.i.embedder.EclipseLogger - Using 'UTF-8' encoding to copy filtered resources.
2015-05-02 16:37:00,672 [Worker-3] INFO  o.e.m.c.i.embedder.EclipseLogger - skip non existing resourceDirectory /Users/Yingkai/GitHub/yuankang739223231/weiwei-service-master1/weiwei-infrastructure-svc/src/test/resources
2015-05-02 16:37:12,104 [Worker-1] INFO  o.e.m.c.i.embedder.EclipseLogger - Using 'UTF-8' encoding to copy filtered resources.
2015-05-02 16:37:12,104 [Worker-1] INFO  o.e.m.c.i.embedder.EclipseLogger - skip non existing resourceDirectory /Users/Yingkai/GitHub/yuankang739223231/weiwei-service-master1/weiwei-infrastructure-svc/src/main/resources
2015-05-02 16:37:12,107 [Worker-1] INFO  o.e.m.c.i.embedder.EclipseLogger - Using 'UTF-8' encoding to copy filtered resources.
2015-05-02 16:37:12,107 [Worker-1] INFO  o.e.m.c.i.embedder.EclipseLogger - skip non existing resourceDirectory /Users/Yingkai/GitHub/yuankang739223231/weiwei-service-master1/weiwei-infrastructure-svc/src/test/resources
2015-05-02 16:41:10,465 [Worker-2] INFO  o.e.m.c.i.embedder.EclipseLogger - Using 'UTF-8' encoding to copy filtered resources.
2015-05-02 16:41:10,467 [Worker-2] INFO  o.e.m.c.i.embedder.EclipseLogger - skip non existing resourceDirectory /Users/Yingkai/GitHub/yuankang739223231/weiwei-service-master1/weiwei-infrastructure-svc/src/main/resources
2015-05-02 16:41:10,468 [Worker-2] INFO  o.e.m.c.i.embedder.EclipseLogger - Using 'UTF-8' encoding to copy filtered resources.
2015-05-02 16:41:10,468 [Worker-2] INFO  o.e.m.c.i.embedder.EclipseLogger - skip non existing resourceDirectory /Users/Yingkai/GitHub/yuankang739223231/weiwei-service-master1/weiwei-infrastructure-svc/src/test/resources
2015-05-02 16:41:15,472 [Worker-3] INFO  o.e.m.c.i.embedder.EclipseLogger - Using 'UTF-8' encoding to copy filtered resources.
2015-05-02 16:41:15,473 [Worker-3] INFO  o.e.m.c.i.embedder.EclipseLogger - skip non existing resourceDirectory /Users/Yingkai/GitHub/yuankang739223231/weiwei-service-master1/weiwei-infrastructure-svc/src/main/resources
2015-05-02 16:41:15,474 [Worker-3] INFO  o.e.m.c.i.embedder.EclipseLogger - Using 'UTF-8' encoding to copy filtered resources.
2015-05-02 16:41:15,474 [Worker-3] INFO  o.e.m.c.i.embedder.EclipseLogger - skip non existing resourceDirectory /Users/Yingkai/GitHub/yuankang739223231/weiwei-service-master1/weiwei-infrastructure-svc/src/test/resources
2015-05-02 16:44:55,640 [Worker-5] INFO  o.e.m.c.i.embedder.EclipseLogger - Using 'UTF-8' encoding to copy filtered resources.
2015-05-02 16:44:55,644 [Worker-5] INFO  o.e.m.c.i.embedder.EclipseLogger - Copying 0 resource
2015-05-02 16:44:55,645 [Worker-5] INFO  o.e.m.c.i.embedder.EclipseLogger - Copying 0 resource
2015-05-02 16:44:55,649 [Worker-5] INFO  o.e.m.c.i.embedder.EclipseLogger - Using 'UTF-8' encoding to copy filtered resources.
2015-05-02 16:44:55,649 [Worker-5] INFO  o.e.m.c.i.embedder.EclipseLogger - Copying 0 resource
2015-05-02 16:46:08,291 [Worker-15] INFO  o.e.m.c.i.embedder.EclipseLogger - Using 'UTF-8' encoding to copy filtered resources.
2015-05-02 16:46:08,292 [Worker-15] INFO  o.e.m.c.i.embedder.EclipseLogger - Copying 0 resource
2015-05-02 16:46:08,292 [Worker-15] INFO  o.e.m.c.i.embedder.EclipseLogger - Copying 0 resource
2015-05-02 16:46:08,294 [Worker-15] INFO  o.e.m.c.i.embedder.EclipseLogger - Using 'UTF-8' encoding to copy filtered resources.
2015-05-02 16:46:08,294 [Worker-15] INFO  o.e.m.c.i.embedder.EclipseLogger - Copying 0 resource
2015-05-02 16:46:09,358 [Worker-9] INFO  o.e.m.c.i.embedder.EclipseLogger - Using 'UTF-8' encoding to copy filtered resources.
2015-05-02 16:46:09,358 [Worker-9] INFO  o.e.m.c.i.embedder.EclipseLogger - skip non existing resourceDirectory /Users/Yingkai/GitHub/yuankang739223231/weiwei-service-master1/weiwei-intellectual-svc/src/main/resources
2015-05-02 16:46:09,360 [Worker-9] INFO  o.e.m.c.i.embedder.EclipseLogger - Using 'UTF-8' encoding to copy filtered resources.
2015-05-02 16:46:09,360 [Worker-9] INFO  o.e.m.c.i.embedder.EclipseLogger - skip non existing resourceDirectory /Users/Yingkai/GitHub/yuankang739223231/weiwei-service-master1/weiwei-intellectual-svc/src/test/resources
2015-05-02 16:46:09,366 [Worker-9] INFO  o.e.m.c.i.embedder.EclipseLogger - Using 'UTF-8' encoding to copy filtered resources.
2015-05-02 16:46:09,367 [Worker-9] INFO  o.e.m.c.i.embedder.EclipseLogger - skip non existing resourceDirectory /Users/Yingkai/GitHub/yuankang739223231/weiwei-service-master1/weiwei-processor/src/main/resources
2015-05-02 16:46:09,368 [Worker-9] INFO  o.e.m.c.i.embedder.EclipseLogger - Using 'UTF-8' encoding to copy filtered resources.
2015-05-02 16:46:09,368 [Worker-9] INFO  o.e.m.c.i.embedder.EclipseLogger - skip non existing resourceDirectory /Users/Yingkai/GitHub/yuankang739223231/weiwei-service-master1/weiwei-processor/src/test/resources
2015-05-02 16:46:09,375 [Worker-9] INFO  o.e.m.c.i.embedder.EclipseLogger - Using 'UTF-8' encoding to copy filtered resources.
2015-05-02 16:46:09,375 [Worker-9] INFO  o.e.m.c.i.embedder.EclipseLogger - Copying 0 resource
2015-05-02 16:46:09,377 [Worker-9] INFO  o.e.m.c.i.embedder.EclipseLogger - Using 'UTF-8' encoding to copy filtered resources.
2015-05-02 16:46:09,377 [Worker-9] INFO  o.e.m.c.i.embedder.EclipseLogger - skip non existing resourceDirectory /Users/Yingkai/GitHub/yuankang739223231/weiwei-service-master1/weiwei-centreservice-svc/src/test/resources
2015-05-02 16:46:09,395 [Worker-9] INFO  o.e.m.c.i.embedder.EclipseLogger - Using 'UTF-8' encoding to copy filtered resources.
2015-05-02 16:46:09,395 [Worker-9] INFO  o.e.m.c.i.embedder.EclipseLogger - Copying 0 resource
2015-05-02 16:46:09,396 [Worker-9] INFO  o.e.m.c.i.embedder.EclipseLogger - Copying 0 resource
2015-05-02 16:46:09,398 [Worker-9] INFO  o.e.m.c.i.embedder.EclipseLogger - Using 'UTF-8' encoding to copy filtered resources.
2015-05-02 16:46:09,398 [Worker-9] INFO  o.e.m.c.i.embedder.EclipseLogger - Copying 0 resource
